<?xml version="1.0" encoding="UTF-8"?>
<!-- Generated by org.testng.reporters.JUnitXMLReporter -->
<testsuite ignored="0" hostname="BRILAP1418" failures="0" tests="304" name="Default test" time="13732.216" errors="0" timestamp="2021-10-28T02:23:19 IST">
  <testcase classname="com.fusion.block1.GetExcels" name="loginApp" time="25.397"/>
  <testcase classname="com.fusion.block1.GetExcels" name="loginApp" time="27.751"/>
  <testcase classname="com.fusion.block1.GetExcels" name="loginApp" time="26.623"/>
  <testcase classname="com.fusion.block1.GetExcels" name="loginApp" time="26.85"/>
  <testcase classname="com.fusion.block1.GetExcels" name="loginApp" time="28.455"/>
  <testcase classname="com.fusion.block1.GetExcels" name="loginApp" time="27.369"/>
  <testcase classname="com.fusion.block1.GetExcels" name="loginApp" time="26.05"/>
  <testcase classname="com.fusion.block1.GetExcels" name="loginApp" time="26.728"/>
  <testcase classname="com.fusion.block1.GetExcels" name="loginApp" time="27.067"/>
  <testcase classname="com.fusion.block1.GetExcels" name="loginApp" time="27.988"/>
  <testcase classname="com.fusion.block1.GetExcels" name="loginApp" time="26.807"/>
  <testcase classname="com.fusion.block1.GetExcels" name="loginApp" time="26.815"/>
  <testcase classname="com.fusion.block1.GetExcels" name="loginApp" time="26.623"/>
  <testcase classname="com.fusion.block1.GetExcels" name="loginApp" time="27.747"/>
  <testcase classname="com.fusion.block1.GetExcels" name="loginApp" time="26.849"/>
  <testcase classname="com.fusion.block1.GetExcels" name="loginApp" time="27.232"/>
  <testcase classname="com.fusion.block1.GetExcels" name="loginApp" time="26.855"/>
  <testcase classname="com.fusion.block1.GetExcels" name="loginApp" time="28.472"/>
  <testcase classname="com.fusion.block1.GetExcels" name="loginApp" time="28.451"/>
  <testcase classname="com.fusion.block1.GetExcels" name="loginApp" time="26.666"/>
  <testcase classname="com.fusion.block1.GetExcels" name="loginApp" time="27.116"/>
  <testcase classname="com.fusion.block1.GetExcels" name="loginApp" time="27.475"/>
  <testcase classname="com.fusion.block1.GetExcels" name="loginApp" time="26.57"/>
  <testcase classname="com.fusion.block1.GetExcels" name="loginApp" time="26.698"/>
  <testcase classname="com.fusion.block1.GetExcels" name="loginApp" time="27.369"/>
  <testcase classname="com.fusion.block1.GetExcels" name="loginApp" time="32.114"/>
  <testcase classname="com.fusion.block1.GetExcels" name="loginApp" time="26.825"/>
  <testcase classname="com.fusion.block1.GetExcels" name="loginApp" time="27.379"/>
  <testcase classname="com.fusion.block1.GetExcels" name="loginApp" time="27.032"/>
  <testcase classname="com.fusion.block1.GetExcels" name="loginApp" time="27.319"/>
  <testcase classname="com.fusion.block1.GetExcels" name="loginApp" time="27.409"/>
  <testcase classname="com.fusion.block1.GetExcels" name="loginApp" time="27.872"/>
  <testcase classname="com.fusion.block1.GetExcels" name="loginApp" time="27.496"/>
  <testcase classname="com.fusion.block1.GetExcels" name="loginApp" time="27.162"/>
  <testcase classname="com.fusion.block1.GetExcels" name="loginApp" time="26.936"/>
  <testcase classname="com.fusion.block1.GetExcels" name="loginApp" time="27.154"/>
  <testcase classname="com.fusion.block1.GetExcels" name="loginApp" time="26.51"/>
  <testcase classname="com.fusion.block1.GetExcels" name="loginApp" time="27.168"/>
  <testcase classname="com.fusion.block1.GetExcels" name="loginApp" time="28.069"/>
  <testcase classname="com.fusion.block1.GetExcels" name="loginApp" time="27.593"/>
  <testcase classname="com.fusion.block1.GetExcels" name="loginApp" time="26.277"/>
  <testcase classname="com.fusion.block1.GetExcels" name="loginApp" time="26.542"/>
  <testcase classname="com.fusion.block1.GetExcels" name="loginApp" time="26.55"/>
  <testcase classname="com.fusion.block1.GetExcels" name="loginApp" time="26.916"/>
  <testcase classname="com.fusion.block1.GetExcels" name="loginApp" time="26.329"/>
  <testcase classname="com.fusion.block1.GetExcels" name="loginApp" time="26.828"/>
  <testcase classname="com.fusion.block1.GetExcels" name="loginApp" time="26.763"/>
  <testcase classname="com.fusion.block1.GetExcels" name="loginApp" time="27.203"/>
  <testcase classname="com.fusion.block1.GetExcels" name="loginApp" time="27.187"/>
  <testcase classname="com.fusion.block1.GetExcels" name="loginApp" time="27.057"/>
  <testcase classname="com.fusion.block1.GetExcels" name="loginApp" time="26.577"/>
  <testcase classname="com.fusion.block1.GetExcels" name="loginApp" time="26.508"/>
  <testcase classname="com.fusion.block1.GetExcels" name="loginApp" time="25.747"/>
  <testcase classname="com.fusion.block1.GetExcels" name="loginApp" time="26.51"/>
  <testcase classname="com.fusion.block1.GetExcels" name="loginApp" time="26.235"/>
  <testcase classname="com.fusion.block1.GetExcels" name="loginApp" time="26.181"/>
  <testcase classname="com.fusion.block1.GetExcels" name="loginApp" time="27.414"/>
  <testcase classname="com.fusion.block1.GetExcels" name="loginApp" time="27.363"/>
  <testcase classname="com.fusion.block1.GetExcels" name="loginApp" time="25.466"/>
  <testcase classname="com.fusion.block1.GetExcels" name="loginApp" time="26.249"/>
  <testcase classname="com.fusion.block1.GetExcels" name="loginApp" time="26.28"/>
  <testcase classname="com.fusion.block1.GetExcels" name="loginApp" time="26.093"/>
  <testcase classname="com.fusion.block1.GetExcels" name="loginApp" time="27.114"/>
  <testcase classname="com.fusion.block1.GetExcels" name="loginApp" time="26.862"/>
  <testcase classname="com.fusion.block1.GetExcels" name="loginApp" time="27.246"/>
  <testcase classname="com.fusion.block1.GetExcels" name="loginApp" time="27.242"/>
  <testcase classname="com.fusion.block1.GetExcels" name="loginApp" time="27.116"/>
  <testcase classname="com.fusion.block1.GetExcels" name="loginApp" time="27.634"/>
  <testcase classname="com.fusion.block1.GetExcels" name="loginApp" time="27.392"/>
  <testcase classname="com.fusion.block1.GetExcels" name="loginApp" time="26.594"/>
  <testcase classname="com.fusion.block1.GetExcels" name="loginApp" time="27.011"/>
  <testcase classname="com.fusion.block1.GetExcels" name="loginApp" time="26.741"/>
  <testcase classname="com.fusion.block1.GetExcels" name="loginApp" time="25.9"/>
  <testcase classname="com.fusion.block1.GetExcels" name="loginApp" time="25.293"/>
  <testcase classname="com.fusion.block1.GetExcels" name="loginApp" time="26.675"/>
  <testcase classname="com.fusion.block1.GetExcels" name="loginApp" time="26.6"/>
  <testcase classname="com.fusion.block1.GetExcels" name="loginApp" time="26.66"/>
  <testcase classname="com.fusion.block1.GetExcels" name="loginApp" time="26.145"/>
  <testcase classname="com.fusion.block1.GetExcels" name="loginApp" time="26.752"/>
  <testcase classname="com.fusion.block1.GetExcels" name="loginApp" time="26.746"/>
  <testcase classname="com.fusion.block1.GetExcels" name="loginApp" time="27.277"/>
  <testcase classname="com.fusion.block1.GetExcels" name="loginApp" time="26.468"/>
  <testcase classname="com.fusion.block1.GetExcels" name="loginApp" time="26.316"/>
  <testcase classname="com.fusion.block1.GetExcels" name="loginApp" time="25.471"/>
  <testcase classname="com.fusion.block1.GetExcels" name="loginApp" time="29.035"/>
  <testcase classname="com.fusion.block1.GetExcels" name="loginApp" time="26.374"/>
  <testcase classname="com.fusion.block1.GetExcels" name="loginApp" time="27.672"/>
  <testcase classname="com.fusion.block1.GetExcels" name="loginApp" time="26.77"/>
  <testcase classname="com.fusion.block1.GetExcels" name="loginApp" time="26.736"/>
  <testcase classname="com.fusion.block1.GetExcels" name="loginApp" time="26.44"/>
  <testcase classname="com.fusion.block1.GetExcels" name="loginApp" time="26.468"/>
  <testcase classname="com.fusion.block1.GetExcels" name="loginApp" time="27.959"/>
  <testcase classname="com.fusion.block1.GetExcels" name="loginApp" time="26.142"/>
  <testcase classname="com.fusion.block1.GetExcels" name="loginApp" time="26.282"/>
  <testcase classname="com.fusion.block1.GetExcels" name="loginApp" time="27.959"/>
  <testcase classname="com.fusion.block1.GetExcels" name="loginApp" time="25.956"/>
  <testcase classname="com.fusion.block1.GetExcels" name="loginApp" time="25.542"/>
  <testcase classname="com.fusion.block1.GetExcels" name="loginApp" time="27.398"/>
  <testcase classname="com.fusion.block1.GetExcels" name="loginApp" time="26.645"/>
  <testcase classname="com.fusion.block1.GetExcels" name="loginApp" time="27.918"/>
  <testcase classname="com.fusion.block1.GetExcels" name="loginApp" time="27.023"/>
  <testcase classname="com.fusion.block1.GetExcels" name="loginApp" time="26.297"/>
  <testcase classname="com.fusion.block1.GetExcels" name="loginApp" time="27.06"/>
  <testcase classname="com.fusion.block1.GetExcels" name="loginApp" time="27.693"/>
  <testcase classname="com.fusion.block1.GetExcels" name="loginApp" time="26.766"/>
  <testcase classname="com.fusion.block1.GetExcels" name="loginApp" time="26.771"/>
  <testcase classname="com.fusion.block1.GetExcels" name="loginApp" time="27.4"/>
  <testcase classname="com.fusion.block1.GetExcels" name="loginApp" time="26.725"/>
  <testcase classname="com.fusion.block1.GetExcels" name="loginApp" time="27.074"/>
  <testcase classname="com.fusion.block1.GetExcels" name="loginApp" time="26.502"/>
  <testcase classname="com.fusion.block1.GetExcels" name="loginApp" time="26.17"/>
  <testcase classname="com.fusion.block1.GetExcels" name="loginApp" time="27.526"/>
  <testcase classname="com.fusion.block1.GetExcels" name="loginApp" time="27.146"/>
  <testcase classname="com.fusion.block1.GetExcels" name="loginApp" time="26.754"/>
  <testcase classname="com.fusion.block1.GetExcels" name="loginApp" time="27.255"/>
  <testcase classname="com.fusion.block1.GetExcels" name="loginApp" time="26.106"/>
  <testcase classname="com.fusion.block1.GetExcels" name="loginApp" time="27.153"/>
  <testcase classname="com.fusion.block1.GetExcels" name="loginApp" time="27.171"/>
  <testcase classname="com.fusion.block1.GetExcels" name="loginApp" time="27.979"/>
  <testcase classname="com.fusion.block1.GetExcels" name="loginApp" time="26.788"/>
  <testcase classname="com.fusion.block1.GetExcels" name="loginApp" time="26.822"/>
  <testcase classname="com.fusion.block1.GetExcels" name="loginApp" time="26.74"/>
  <testcase classname="com.fusion.block1.GetExcels" name="loginApp" time="26.656"/>
  <testcase classname="com.fusion.block1.GetExcels" name="loginApp" time="26.82"/>
  <testcase classname="com.fusion.block1.GetExcels" name="loginApp" time="27.378"/>
  <testcase classname="com.fusion.block1.GetExcels" name="loginApp" time="26.667"/>
  <testcase classname="com.fusion.block1.GetExcels" name="loginApp" time="26.604"/>
  <testcase classname="com.fusion.block1.GetExcels" name="loginApp" time="27.768"/>
  <testcase classname="com.fusion.block1.GetExcels" name="loginApp" time="27.065"/>
  <testcase classname="com.fusion.block1.GetExcels" name="loginApp" time="26.415"/>
  <testcase classname="com.fusion.block1.GetExcels" name="loginApp" time="26.404"/>
  <testcase classname="com.fusion.block1.GetExcels" name="loginApp" time="25.139"/>
  <testcase classname="com.fusion.block1.GetExcels" name="loginApp" time="27.682"/>
  <testcase classname="com.fusion.block1.GetExcels" name="loginApp" time="27.41"/>
  <testcase classname="com.fusion.block1.GetExcels" name="loginApp" time="27.993"/>
  <testcase classname="com.fusion.block1.GetExcels" name="loginApp" time="26.778"/>
  <testcase classname="com.fusion.block1.GetExcels" name="loginApp" time="25.75"/>
  <testcase classname="com.fusion.block1.GetExcels" name="loginApp" time="26.004"/>
  <testcase classname="com.fusion.block1.GetExcels" name="loginApp" time="27.275"/>
  <testcase classname="com.fusion.block1.GetExcels" name="loginApp" time="26.762"/>
  <testcase classname="com.fusion.block1.GetExcels" name="loginApp" time="25.755"/>
  <testcase classname="com.fusion.block1.GetExcels" name="loginApp" time="26.772"/>
  <testcase classname="com.fusion.block1.GetExcels" name="loginApp" time="26.744"/>
  <testcase classname="com.fusion.block1.GetExcels" name="loginApp" time="27.337"/>
  <testcase classname="com.fusion.block1.GetExcels" name="loginApp" time="26.822"/>
  <testcase classname="com.fusion.block1.GetExcels" name="loginApp" time="26.777"/>
  <testcase classname="com.fusion.block1.GetExcels" name="loginApp" time="26.435"/>
  <testcase classname="com.fusion.block1.GetExcels" name="loginApp" time="25.456"/>
  <testcase classname="com.fusion.block1.GetExcels" name="loginApp" time="27.164"/>
  <testcase classname="com.fusion.block1.GetExcels" name="loginApp" time="26.281"/>
  <testcase classname="com.fusion.block1.GetExcels" name="loginApp" time="26.369"/>
  <testcase classname="com.fusion.block1.GetExcels" name="loginApp" time="27.658"/>
  <testcase classname="com.fusion.block1.GetExcels" name="loginApp" time="26.328"/>
  <testcase classname="com.fusion.block1.GetExcels" name="loginApp" time="26.137"/>
  <testcase classname="com.fusion.block1.GetExcels" name="loginApp" time="24.992"/>
  <testcase classname="com.fusion.block1.GetExcels" name="loginApp" time="25.916"/>
  <testcase classname="com.fusion.block1.GetExcels" name="loginApp" time="26.039"/>
  <testcase classname="com.fusion.block1.GetExcels" name="loginApp" time="26.135"/>
  <testcase classname="com.fusion.block1.GetExcels" name="loginApp" time="26.63"/>
  <testcase classname="com.fusion.block1.GetExcels" name="loginApp" time="26.764"/>
  <testcase classname="com.fusion.block1.GetExcels" name="loginApp" time="27.692"/>
  <testcase classname="com.fusion.block1.GetExcels" name="loginApp" time="26.464"/>
  <testcase classname="com.fusion.block1.GetExcels" name="loginApp" time="26.872"/>
  <testcase classname="com.fusion.block1.GetExcels" name="loginApp" time="26.446"/>
  <testcase classname="com.fusion.block1.GetExcels" name="loginApp" time="27.065"/>
  <testcase classname="com.fusion.block1.GetExcels" name="loginApp" time="27.405"/>
  <testcase classname="com.fusion.block1.GetExcels" name="loginApp" time="26.754"/>
  <testcase classname="com.fusion.block1.GetExcels" name="loginApp" time="27.477"/>
  <testcase classname="com.fusion.block1.GetExcels" name="loginApp" time="26.742"/>
  <testcase classname="com.fusion.block1.GetExcels" name="loginApp" time="27.188"/>
  <testcase classname="com.fusion.block1.GetExcels" name="loginApp" time="24.95"/>
  <testcase classname="com.fusion.block1.GetExcels" name="loginApp" time="26.681"/>
  <testcase classname="com.fusion.block1.GetExcels" name="loginApp" time="26.842"/>
  <testcase classname="com.fusion.block1.GetExcels" name="loginApp" time="27.635"/>
  <testcase classname="com.fusion.block1.GetExcels" name="loginApp" time="26.332"/>
  <testcase classname="com.fusion.block1.GetExcels" name="loginApp" time="25.608"/>
  <testcase classname="com.fusion.block1.GetExcels" name="loginApp" time="26.98"/>
  <testcase classname="com.fusion.block1.GetExcels" name="loginApp" time="28.032"/>
  <testcase classname="com.fusion.block1.GetExcels" name="loginApp" time="27.771"/>
  <testcase classname="com.fusion.block1.GetExcels" name="loginApp" time="26.877"/>
  <testcase classname="com.fusion.block1.GetExcels" name="loginApp" time="27.283"/>
  <testcase classname="com.fusion.block1.GetExcels" name="loginApp" time="27.77"/>
  <testcase classname="com.fusion.block1.GetExcels" name="loginApp" time="26.879"/>
  <testcase classname="com.fusion.block1.GetExcels" name="loginApp" time="28.75"/>
  <testcase classname="com.fusion.block1.GetExcels" name="loginApp" time="24.397"/>
  <testcase classname="com.fusion.block1.GetExcels" name="loginApp" time="27.018"/>
  <testcase classname="com.fusion.block1.GetExcels" name="loginApp" time="27.79"/>
  <testcase classname="com.fusion.block1.GetExcels" name="loginApp" time="27.108"/>
  <testcase classname="com.fusion.block1.GetExcels" name="loginApp" time="27.103"/>
  <testcase classname="com.fusion.block1.GetExcels" name="loginApp" time="26.098"/>
  <testcase classname="com.fusion.block1.GetExcels" name="loginApp" time="26.128"/>
  <testcase classname="com.fusion.block1.GetExcels" name="loginApp" time="26.235"/>
  <testcase classname="com.fusion.block1.GetExcels" name="loginApp" time="26.833"/>
  <testcase classname="com.fusion.block1.GetExcels" name="loginApp" time="36.515"/>
  <testcase classname="com.fusion.block1.GetExcels" name="loginApp" time="27.434"/>
  <testcase classname="com.fusion.block1.GetExcels" name="loginApp" time="26.487"/>
  <testcase classname="com.fusion.block1.GetExcels" name="loginApp" time="26.255"/>
  <testcase classname="com.fusion.block1.GetExcels" name="loginApp" time="26.557"/>
  <testcase classname="com.fusion.block1.GetExcels" name="loginApp" time="26.334"/>
  <testcase classname="com.fusion.block1.GetExcels" name="loginApp" time="26.649"/>
  <testcase classname="com.fusion.block1.GetExcels" name="loginApp" time="24.263"/>
  <testcase classname="com.fusion.block1.GetExcels" name="loginApp" time="24.434"/>
  <testcase classname="com.fusion.block1.GetExcels" name="loginApp" time="26.388"/>
  <testcase classname="com.fusion.block1.GetExcels" name="loginApp" time="26.592"/>
  <testcase classname="com.fusion.block1.GetExcels" name="loginApp" time="25.83"/>
  <testcase classname="com.fusion.block1.GetExcels" name="loginApp" time="26.511"/>
  <testcase classname="com.fusion.block1.GetExcels" name="loginApp" time="27.207"/>
  <testcase classname="com.fusion.block1.GetExcels" name="loginApp" time="26.187"/>
  <testcase classname="com.fusion.block1.GetExcels" name="loginApp" time="26.638"/>
  <testcase classname="com.fusion.block1.GetExcels" name="loginApp" time="26.906"/>
  <testcase classname="com.fusion.block1.GetExcels" name="loginApp" time="26.641"/>
  <testcase classname="com.fusion.block1.GetExcels" name="loginApp" time="26.333"/>
  <testcase classname="com.fusion.block1.GetExcels" name="loginApp" time="26.42"/>
  <testcase classname="com.fusion.block1.GetExcels" name="loginApp" time="27.981"/>
  <testcase classname="com.fusion.block1.GetExcels" name="loginApp" time="28.288"/>
  <testcase classname="com.fusion.block1.GetExcels" name="loginApp" time="27.045"/>
  <testcase classname="com.fusion.block1.GetExcels" name="loginApp" time="26.339"/>
  <testcase classname="com.fusion.block1.GetExcels" name="loginApp" time="26.607"/>
  <testcase classname="com.fusion.block1.GetExcels" name="loginApp" time="29.22"/>
  <testcase classname="com.fusion.block1.GetExcels" name="loginApp" time="26.728"/>
  <testcase classname="com.fusion.block1.GetExcels" name="loginApp" time="27.558"/>
  <testcase classname="com.fusion.block1.GetExcels" name="loginApp" time="26.846"/>
  <testcase classname="com.fusion.block1.GetExcels" name="loginApp" time="27.389"/>
  <testcase classname="com.fusion.block1.GetExcels" name="loginApp" time="26.271"/>
  <testcase classname="com.fusion.block1.GetExcels" name="loginApp" time="26.381"/>
  <testcase classname="com.fusion.block1.GetExcels" name="loginApp" time="26.402"/>
  <testcase classname="com.fusion.block1.GetExcels" name="loginApp" time="27.215"/>
  <testcase classname="com.fusion.block1.GetExcels" name="loginApp" time="26.451"/>
  <testcase classname="com.fusion.block1.GetExcels" name="loginApp" time="27.422"/>
  <testcase classname="com.fusion.block1.GetExcels" name="loginApp" time="25.667"/>
  <testcase classname="com.fusion.block1.GetExcels" name="loginApp" time="24.324"/>
  <testcase classname="com.fusion.block1.GetExcels" name="loginApp" time="28.848"/>
  <testcase classname="com.fusion.block1.GetExcels" name="loginApp" time="27.042"/>
  <testcase classname="com.fusion.block1.GetExcels" name="loginApp" time="26.526"/>
  <testcase classname="com.fusion.block1.GetExcels" name="loginApp" time="24.465"/>
  <testcase classname="com.fusion.block1.GetExcels" name="loginApp" time="25.599"/>
  <testcase classname="com.fusion.block1.GetExcels" name="loginApp" time="26.748"/>
  <testcase classname="com.fusion.block1.GetExcels" name="loginApp" time="26.928"/>
  <testcase classname="com.fusion.block1.GetExcels" name="loginApp" time="27.404"/>
  <testcase classname="com.fusion.block1.GetExcels" name="loginApp" time="26.968"/>
  <testcase classname="com.fusion.block1.GetExcels" name="loginApp" time="27.127"/>
  <testcase classname="com.fusion.block1.GetExcels" name="loginApp" time="27.515"/>
  <testcase classname="com.fusion.block1.GetExcels" name="loginApp" time="27.167"/>
  <testcase classname="com.fusion.block1.GetExcels" name="loginApp" time="27.363"/>
  <testcase classname="com.fusion.block1.GetExcels" name="loginApp" time="26.751"/>
  <testcase classname="com.fusion.block1.GetExcels" name="loginApp" time="27.031"/>
  <testcase classname="com.fusion.block1.GetExcels" name="loginApp" time="26.093"/>
  <testcase classname="com.fusion.block1.GetExcels" name="loginApp" time="26.843"/>
  <testcase classname="com.fusion.block1.GetExcels" name="loginApp" time="26.752"/>
  <testcase classname="com.fusion.block1.GetExcels" name="loginApp" time="25.859"/>
  <testcase classname="com.fusion.block1.GetExcels" name="loginApp" time="26.711"/>
  <testcase classname="com.fusion.block1.GetExcels" name="loginApp" time="26.417"/>
  <testcase classname="com.fusion.block1.GetExcels" name="loginApp" time="26.475"/>
  <testcase classname="com.fusion.block1.GetExcels" name="loginApp" time="26.717"/>
  <testcase classname="com.fusion.block1.GetExcels" name="loginApp" time="32.2"/>
  <testcase classname="com.fusion.block1.GetExcels" name="loginApp" time="26.644"/>
  <testcase classname="com.fusion.block1.GetExcels" name="loginApp" time="27.425"/>
  <testcase classname="com.fusion.block1.GetExcels" name="loginApp" time="27.106"/>
  <testcase classname="com.fusion.block1.GetExcels" name="loginApp" time="26.742"/>
  <testcase classname="com.fusion.block1.GetExcels" name="loginApp" time="28.354"/>
  <testcase classname="com.fusion.block1.GetExcels" name="loginApp" time="26.633"/>
  <testcase classname="com.fusion.block1.GetExcels" name="loginApp" time="24.582"/>
  <testcase classname="com.fusion.block1.GetExcels" name="loginApp" time="24.178"/>
  <testcase classname="com.fusion.block1.GetExcels" name="loginApp" time="24.902"/>
  <testcase classname="com.fusion.block1.GetExcels" name="loginApp" time="26.784"/>
  <testcase classname="com.fusion.block1.GetExcels" name="loginApp" time="27.219"/>
  <testcase classname="com.fusion.block1.GetExcels" name="loginApp" time="26.462"/>
  <testcase classname="com.fusion.block1.GetExcels" name="loginApp" time="26.488"/>
  <testcase classname="com.fusion.block1.GetExcels" name="loginApp" time="27.078"/>
  <testcase classname="com.fusion.block1.GetExcels" name="loginApp" time="26.359"/>
  <testcase classname="com.fusion.block1.GetExcels" name="loginApp" time="27.102"/>
  <testcase classname="com.fusion.block1.GetExcels" name="loginApp" time="28.506"/>
  <testcase classname="com.fusion.block1.GetExcels" name="loginApp" time="26.607"/>
  <testcase classname="com.fusion.block1.GetExcels" name="loginApp" time="26.949"/>
  <testcase classname="com.fusion.block1.GetExcels" name="loginApp" time="26.325"/>
  <testcase classname="com.fusion.block1.GetExcels" name="loginApp" time="26.363"/>
  <testcase classname="com.fusion.block1.GetExcels" name="loginApp" time="26.114"/>
  <testcase classname="com.fusion.block1.GetExcels" name="loginApp" time="25.751"/>
  <testcase classname="com.fusion.block1.GetExcels" name="loginApp" time="26.539"/>
  <testcase classname="com.fusion.block1.GetExcels" name="loginApp" time="26.509"/>
  <testcase classname="com.fusion.block1.GetExcels" name="loginApp" time="26.434"/>
  <testcase classname="com.fusion.block1.GetExcels" name="loginApp" time="26.306"/>
  <testcase classname="com.fusion.block1.GetExcels" name="loginApp" time="26.456"/>
  <testcase classname="com.fusion.block1.GetExcels" name="loginApp" time="27.244"/>
  <testcase classname="com.fusion.block1.GetExcels" name="loginApp" time="26.442"/>
  <testcase classname="com.fusion.block1.GetExcels" name="loginApp" time="25.314"/>
  <testcase classname="com.fusion.block1.GetExcels" name="loginApp" time="26.738"/>
  <testcase classname="com.fusion.block1.GetExcels" name="loginApp" time="25.988"/>
  <testcase classname="com.fusion.block1.GetExcels" name="loginApp" time="26.131"/>
  <testcase classname="com.fusion.block1.GetExcels" name="loginApp" time="25.872"/>
  <testcase classname="com.fusion.block1.GetExcels" name="loginApp" time="26.584"/>
  <testcase classname="com.fusion.block1.GetExcels" name="loginApp" time="26.082"/>
  <testcase classname="com.fusion.block1.GetExcels" name="loginApp" time="26.199"/>
  <testcase classname="com.fusion.block1.GetExcels" name="loginApp" time="27.179"/>
  <testcase classname="com.fusion.block1.GetExcels" name="loginApp" time="26.385"/>
  <testcase classname="com.fusion.block1.GetExcels" name="loginApp" time="26.417"/>
  <testcase classname="com.fusion.block1.GetExcels" name="loginApp" time="27.371"/>
  <testcase classname="com.fusion.block1.GetExcels" name="loginApp" time="26.418"/>
  <testcase classname="com.fusion.block1.GetExcels" name="loginApp" time="26.629"/>
  <testcase classname="com.fusion.block1.GetExcels" name="loginApp" time="26.762"/>
  <testcase classname="com.fusion.block1.GetExcels" name="loginApp" time="26.483"/>
  <testcase classname="com.fusion.block1.GetExcels" name="loginApp" time="27.084"/>
  <testcase classname="com.fusion.block1.GetExcels" name="loginApp" time="25.789"/>
  <testcase classname="com.fusion.block1.GetExcels" name="loginApp" time="26.132"/>
</testsuite> <!-- Default test -->
