<?xml version="1.0" encoding="UTF-8"?>
<testng-results ignored="0" total="304" passed="304" failed="0" skipped="0">
  <reporter-output>
  </reporter-output>
  <suite started-at="2021-10-27T22:34:27 IST" name="Default suite" finished-at="2021-10-28T02:23:19 IST" duration-ms="13732216">
    <groups>
    </groups>
    <test started-at="2021-10-27T22:34:27 IST" name="Default test" finished-at="2021-10-28T02:23:19 IST" duration-ms="13732216">
      <class name="com.fusion.block1.GetExcels">
        <test-method is-config="true" signature="setup()[pri:0, instance:com.fusion.block1.GetExcels@2f217633]" started-at="2021-10-27T22:34:28 IST" name="setup" finished-at="2021-10-27T22:34:40 IST" duration-ms="12175" status="PASS">
          <reporter-output>
          </reporter-output>
        </test-method> <!-- setup -->
        <test-method signature="loginApp(java.lang.String)[pri:0, instance:com.fusion.block1.GetExcels@2f217633]" started-at="2021-10-27T22:34:40 IST" name="loginApp" data-provider="getdata" finished-at="2021-10-27T22:35:05 IST" duration-ms="25397" status="PASS">
          <params>
            <param index="0">
              <value>
                <![CDATA[01-01-2021]]>
              </value>
            </param>
          </params>
          <reporter-output>
          </reporter-output>
        </test-method> <!-- loginApp -->
        <test-method is-config="true" signature="tearDown()[pri:0, instance:com.fusion.block1.GetExcels@2f217633]" started-at="2021-10-27T22:35:05 IST" name="tearDown" finished-at="2021-10-27T22:35:16 IST" duration-ms="11007" status="PASS">
          <reporter-output>
          </reporter-output>
        </test-method> <!-- tearDown -->
        <test-method is-config="true" signature="setup()[pri:0, instance:com.fusion.block1.GetExcels@2f217633]" started-at="2021-10-27T22:35:16 IST" name="setup" finished-at="2021-10-27T22:35:24 IST" duration-ms="8004" status="PASS">
          <reporter-output>
          </reporter-output>
        </test-method> <!-- setup -->
        <test-method signature="loginApp(java.lang.String)[pri:0, instance:com.fusion.block1.GetExcels@2f217633]" started-at="2021-10-27T22:35:24 IST" name="loginApp" data-provider="getdata" finished-at="2021-10-27T22:35:52 IST" duration-ms="27751" status="PASS">
          <params>
            <param index="0">
              <value>
                <![CDATA[01-02-2021]]>
              </value>
            </param>
          </params>
          <reporter-output>
          </reporter-output>
        </test-method> <!-- loginApp -->
        <test-method is-config="true" signature="tearDown()[pri:0, instance:com.fusion.block1.GetExcels@2f217633]" started-at="2021-10-27T22:35:52 IST" name="tearDown" finished-at="2021-10-27T22:36:03 IST" duration-ms="11446" status="PASS">
          <reporter-output>
          </reporter-output>
        </test-method> <!-- tearDown -->
        <test-method is-config="true" signature="setup()[pri:0, instance:com.fusion.block1.GetExcels@2f217633]" started-at="2021-10-27T22:36:03 IST" name="setup" finished-at="2021-10-27T22:36:11 IST" duration-ms="7333" status="PASS">
          <reporter-output>
          </reporter-output>
        </test-method> <!-- setup -->
        <test-method signature="loginApp(java.lang.String)[pri:0, instance:com.fusion.block1.GetExcels@2f217633]" started-at="2021-10-27T22:36:11 IST" name="loginApp" data-provider="getdata" finished-at="2021-10-27T22:36:37 IST" duration-ms="26623" status="PASS">
          <params>
            <param index="0">
              <value>
                <![CDATA[01-03-2021]]>
              </value>
            </param>
          </params>
          <reporter-output>
          </reporter-output>
        </test-method> <!-- loginApp -->
        <test-method is-config="true" signature="tearDown()[pri:0, instance:com.fusion.block1.GetExcels@2f217633]" started-at="2021-10-27T22:36:37 IST" name="tearDown" finished-at="2021-10-27T22:36:49 IST" duration-ms="11128" status="PASS">
          <reporter-output>
          </reporter-output>
        </test-method> <!-- tearDown -->
        <test-method is-config="true" signature="setup()[pri:0, instance:com.fusion.block1.GetExcels@2f217633]" started-at="2021-10-27T22:36:49 IST" name="setup" finished-at="2021-10-27T22:36:56 IST" duration-ms="7201" status="PASS">
          <reporter-output>
          </reporter-output>
        </test-method> <!-- setup -->
        <test-method signature="loginApp(java.lang.String)[pri:0, instance:com.fusion.block1.GetExcels@2f217633]" started-at="2021-10-27T22:36:56 IST" name="loginApp" data-provider="getdata" finished-at="2021-10-27T22:37:23 IST" duration-ms="26850" status="PASS">
          <params>
            <param index="0">
              <value>
                <![CDATA[01-04-2021]]>
              </value>
            </param>
          </params>
          <reporter-output>
          </reporter-output>
        </test-method> <!-- loginApp -->
        <test-method is-config="true" signature="tearDown()[pri:0, instance:com.fusion.block1.GetExcels@2f217633]" started-at="2021-10-27T22:37:23 IST" name="tearDown" finished-at="2021-10-27T22:37:34 IST" duration-ms="11126" status="PASS">
          <reporter-output>
          </reporter-output>
        </test-method> <!-- tearDown -->
        <test-method is-config="true" signature="setup()[pri:0, instance:com.fusion.block1.GetExcels@2f217633]" started-at="2021-10-27T22:37:34 IST" name="setup" finished-at="2021-10-27T22:37:41 IST" duration-ms="7513" status="PASS">
          <reporter-output>
          </reporter-output>
        </test-method> <!-- setup -->
        <test-method signature="loginApp(java.lang.String)[pri:0, instance:com.fusion.block1.GetExcels@2f217633]" started-at="2021-10-27T22:37:41 IST" name="loginApp" data-provider="getdata" finished-at="2021-10-27T22:38:10 IST" duration-ms="28455" status="PASS">
          <params>
            <param index="0">
              <value>
                <![CDATA[01-05-2021]]>
              </value>
            </param>
          </params>
          <reporter-output>
          </reporter-output>
        </test-method> <!-- loginApp -->
        <test-method is-config="true" signature="tearDown()[pri:0, instance:com.fusion.block1.GetExcels@2f217633]" started-at="2021-10-27T22:38:10 IST" name="tearDown" finished-at="2021-10-27T22:38:21 IST" duration-ms="11000" status="PASS">
          <reporter-output>
          </reporter-output>
        </test-method> <!-- tearDown -->
        <test-method is-config="true" signature="setup()[pri:0, instance:com.fusion.block1.GetExcels@2f217633]" started-at="2021-10-27T22:38:21 IST" name="setup" finished-at="2021-10-27T22:38:28 IST" duration-ms="6894" status="PASS">
          <reporter-output>
          </reporter-output>
        </test-method> <!-- setup -->
        <test-method signature="loginApp(java.lang.String)[pri:0, instance:com.fusion.block1.GetExcels@2f217633]" started-at="2021-10-27T22:38:28 IST" name="loginApp" data-provider="getdata" finished-at="2021-10-27T22:38:55 IST" duration-ms="27369" status="PASS">
          <params>
            <param index="0">
              <value>
                <![CDATA[01-06-2021]]>
              </value>
            </param>
          </params>
          <reporter-output>
          </reporter-output>
        </test-method> <!-- loginApp -->
        <test-method is-config="true" signature="tearDown()[pri:0, instance:com.fusion.block1.GetExcels@2f217633]" started-at="2021-10-27T22:38:55 IST" name="tearDown" finished-at="2021-10-27T22:39:06 IST" duration-ms="10984" status="PASS">
          <reporter-output>
          </reporter-output>
        </test-method> <!-- tearDown -->
        <test-method is-config="true" signature="setup()[pri:0, instance:com.fusion.block1.GetExcels@2f217633]" started-at="2021-10-27T22:39:06 IST" name="setup" finished-at="2021-10-27T22:39:13 IST" duration-ms="7191" status="PASS">
          <reporter-output>
          </reporter-output>
        </test-method> <!-- setup -->
        <test-method signature="loginApp(java.lang.String)[pri:0, instance:com.fusion.block1.GetExcels@2f217633]" started-at="2021-10-27T22:39:13 IST" name="loginApp" data-provider="getdata" finished-at="2021-10-27T22:39:39 IST" duration-ms="26050" status="PASS">
          <params>
            <param index="0">
              <value>
                <![CDATA[01-07-2021]]>
              </value>
            </param>
          </params>
          <reporter-output>
          </reporter-output>
        </test-method> <!-- loginApp -->
        <test-method is-config="true" signature="tearDown()[pri:0, instance:com.fusion.block1.GetExcels@2f217633]" started-at="2021-10-27T22:39:39 IST" name="tearDown" finished-at="2021-10-27T22:39:50 IST" duration-ms="11001" status="PASS">
          <reporter-output>
          </reporter-output>
        </test-method> <!-- tearDown -->
        <test-method is-config="true" signature="setup()[pri:0, instance:com.fusion.block1.GetExcels@2f217633]" started-at="2021-10-27T22:39:50 IST" name="setup" finished-at="2021-10-27T22:39:57 IST" duration-ms="6992" status="PASS">
          <reporter-output>
          </reporter-output>
        </test-method> <!-- setup -->
        <test-method signature="loginApp(java.lang.String)[pri:0, instance:com.fusion.block1.GetExcels@2f217633]" started-at="2021-10-27T22:39:57 IST" name="loginApp" data-provider="getdata" finished-at="2021-10-27T22:40:24 IST" duration-ms="26728" status="PASS">
          <params>
            <param index="0">
              <value>
                <![CDATA[01-08-2021]]>
              </value>
            </param>
          </params>
          <reporter-output>
          </reporter-output>
        </test-method> <!-- loginApp -->
        <test-method is-config="true" signature="tearDown()[pri:0, instance:com.fusion.block1.GetExcels@2f217633]" started-at="2021-10-27T22:40:24 IST" name="tearDown" finished-at="2021-10-27T22:40:35 IST" duration-ms="11134" status="PASS">
          <reporter-output>
          </reporter-output>
        </test-method> <!-- tearDown -->
        <test-method is-config="true" signature="setup()[pri:0, instance:com.fusion.block1.GetExcels@2f217633]" started-at="2021-10-27T22:40:35 IST" name="setup" finished-at="2021-10-27T22:40:42 IST" duration-ms="7277" status="PASS">
          <reporter-output>
          </reporter-output>
        </test-method> <!-- setup -->
        <test-method signature="loginApp(java.lang.String)[pri:0, instance:com.fusion.block1.GetExcels@2f217633]" started-at="2021-10-27T22:40:42 IST" name="loginApp" data-provider="getdata" finished-at="2021-10-27T22:41:09 IST" duration-ms="27067" status="PASS">
          <params>
            <param index="0">
              <value>
                <![CDATA[01-09-2021]]>
              </value>
            </param>
          </params>
          <reporter-output>
          </reporter-output>
        </test-method> <!-- loginApp -->
        <test-method is-config="true" signature="tearDown()[pri:0, instance:com.fusion.block1.GetExcels@2f217633]" started-at="2021-10-27T22:41:09 IST" name="tearDown" finished-at="2021-10-27T22:41:20 IST" duration-ms="10985" status="PASS">
          <reporter-output>
          </reporter-output>
        </test-method> <!-- tearDown -->
        <test-method is-config="true" signature="setup()[pri:0, instance:com.fusion.block1.GetExcels@2f217633]" started-at="2021-10-27T22:41:20 IST" name="setup" finished-at="2021-10-27T22:41:28 IST" duration-ms="7292" status="PASS">
          <reporter-output>
          </reporter-output>
        </test-method> <!-- setup -->
        <test-method signature="loginApp(java.lang.String)[pri:0, instance:com.fusion.block1.GetExcels@2f217633]" started-at="2021-10-27T22:41:28 IST" name="loginApp" data-provider="getdata" finished-at="2021-10-27T22:41:56 IST" duration-ms="27988" status="PASS">
          <params>
            <param index="0">
              <value>
                <![CDATA[01-10-2021]]>
              </value>
            </param>
          </params>
          <reporter-output>
          </reporter-output>
        </test-method> <!-- loginApp -->
        <test-method is-config="true" signature="tearDown()[pri:0, instance:com.fusion.block1.GetExcels@2f217633]" started-at="2021-10-27T22:41:56 IST" name="tearDown" finished-at="2021-10-27T22:42:07 IST" duration-ms="11026" status="PASS">
          <reporter-output>
          </reporter-output>
        </test-method> <!-- tearDown -->
        <test-method is-config="true" signature="setup()[pri:0, instance:com.fusion.block1.GetExcels@2f217633]" started-at="2021-10-27T22:42:07 IST" name="setup" finished-at="2021-10-27T22:42:14 IST" duration-ms="7026" status="PASS">
          <reporter-output>
          </reporter-output>
        </test-method> <!-- setup -->
        <test-method signature="loginApp(java.lang.String)[pri:0, instance:com.fusion.block1.GetExcels@2f217633]" started-at="2021-10-27T22:42:14 IST" name="loginApp" data-provider="getdata" finished-at="2021-10-27T22:42:41 IST" duration-ms="26807" status="PASS">
          <params>
            <param index="0">
              <value>
                <![CDATA[01-11-2021]]>
              </value>
            </param>
          </params>
          <reporter-output>
          </reporter-output>
        </test-method> <!-- loginApp -->
        <test-method is-config="true" signature="tearDown()[pri:0, instance:com.fusion.block1.GetExcels@2f217633]" started-at="2021-10-27T22:42:41 IST" name="tearDown" finished-at="2021-10-27T22:42:52 IST" duration-ms="11056" status="PASS">
          <reporter-output>
          </reporter-output>
        </test-method> <!-- tearDown -->
        <test-method is-config="true" signature="setup()[pri:0, instance:com.fusion.block1.GetExcels@2f217633]" started-at="2021-10-27T22:42:52 IST" name="setup" finished-at="2021-10-27T22:42:58 IST" duration-ms="6602" status="PASS">
          <reporter-output>
          </reporter-output>
        </test-method> <!-- setup -->
        <test-method signature="loginApp(java.lang.String)[pri:0, instance:com.fusion.block1.GetExcels@2f217633]" started-at="2021-10-27T22:42:58 IST" name="loginApp" data-provider="getdata" finished-at="2021-10-27T22:43:25 IST" duration-ms="26815" status="PASS">
          <params>
            <param index="0">
              <value>
                <![CDATA[01-12-2021]]>
              </value>
            </param>
          </params>
          <reporter-output>
          </reporter-output>
        </test-method> <!-- loginApp -->
        <test-method is-config="true" signature="tearDown()[pri:0, instance:com.fusion.block1.GetExcels@2f217633]" started-at="2021-10-27T22:43:25 IST" name="tearDown" finished-at="2021-10-27T22:43:36 IST" duration-ms="11073" status="PASS">
          <reporter-output>
          </reporter-output>
        </test-method> <!-- tearDown -->
        <test-method is-config="true" signature="setup()[pri:0, instance:com.fusion.block1.GetExcels@2f217633]" started-at="2021-10-27T22:43:36 IST" name="setup" finished-at="2021-10-27T22:43:44 IST" duration-ms="7455" status="PASS">
          <reporter-output>
          </reporter-output>
        </test-method> <!-- setup -->
        <test-method signature="loginApp(java.lang.String)[pri:0, instance:com.fusion.block1.GetExcels@2f217633]" started-at="2021-10-27T22:43:44 IST" name="loginApp" data-provider="getdata" finished-at="2021-10-27T22:44:10 IST" duration-ms="26623" status="PASS">
          <params>
            <param index="0">
              <value>
                <![CDATA[01-13-2021]]>
              </value>
            </param>
          </params>
          <reporter-output>
          </reporter-output>
        </test-method> <!-- loginApp -->
        <test-method is-config="true" signature="tearDown()[pri:0, instance:com.fusion.block1.GetExcels@2f217633]" started-at="2021-10-27T22:44:10 IST" name="tearDown" finished-at="2021-10-27T22:44:21 IST" duration-ms="11037" status="PASS">
          <reporter-output>
          </reporter-output>
        </test-method> <!-- tearDown -->
        <test-method is-config="true" signature="setup()[pri:0, instance:com.fusion.block1.GetExcels@2f217633]" started-at="2021-10-27T22:44:21 IST" name="setup" finished-at="2021-10-27T22:44:28 IST" duration-ms="6969" status="PASS">
          <reporter-output>
          </reporter-output>
        </test-method> <!-- setup -->
        <test-method signature="loginApp(java.lang.String)[pri:0, instance:com.fusion.block1.GetExcels@2f217633]" started-at="2021-10-27T22:44:28 IST" name="loginApp" data-provider="getdata" finished-at="2021-10-27T22:44:56 IST" duration-ms="27747" status="PASS">
          <params>
            <param index="0">
              <value>
                <![CDATA[01-14-2021]]>
              </value>
            </param>
          </params>
          <reporter-output>
          </reporter-output>
        </test-method> <!-- loginApp -->
        <test-method is-config="true" signature="tearDown()[pri:0, instance:com.fusion.block1.GetExcels@2f217633]" started-at="2021-10-27T22:44:56 IST" name="tearDown" finished-at="2021-10-27T22:45:07 IST" duration-ms="10949" status="PASS">
          <reporter-output>
          </reporter-output>
        </test-method> <!-- tearDown -->
        <test-method is-config="true" signature="setup()[pri:0, instance:com.fusion.block1.GetExcels@2f217633]" started-at="2021-10-27T22:45:07 IST" name="setup" finished-at="2021-10-27T22:45:14 IST" duration-ms="7334" status="PASS">
          <reporter-output>
          </reporter-output>
        </test-method> <!-- setup -->
        <test-method signature="loginApp(java.lang.String)[pri:0, instance:com.fusion.block1.GetExcels@2f217633]" started-at="2021-10-27T22:45:14 IST" name="loginApp" data-provider="getdata" finished-at="2021-10-27T22:45:41 IST" duration-ms="26849" status="PASS">
          <params>
            <param index="0">
              <value>
                <![CDATA[01-15-2021]]>
              </value>
            </param>
          </params>
          <reporter-output>
          </reporter-output>
        </test-method> <!-- loginApp -->
        <test-method is-config="true" signature="tearDown()[pri:0, instance:com.fusion.block1.GetExcels@2f217633]" started-at="2021-10-27T22:45:41 IST" name="tearDown" finished-at="2021-10-27T22:45:52 IST" duration-ms="11106" status="PASS">
          <reporter-output>
          </reporter-output>
        </test-method> <!-- tearDown -->
        <test-method is-config="true" signature="setup()[pri:0, instance:com.fusion.block1.GetExcels@2f217633]" started-at="2021-10-27T22:45:52 IST" name="setup" finished-at="2021-10-27T22:45:59 IST" duration-ms="7051" status="PASS">
          <reporter-output>
          </reporter-output>
        </test-method> <!-- setup -->
        <test-method signature="loginApp(java.lang.String)[pri:0, instance:com.fusion.block1.GetExcels@2f217633]" started-at="2021-10-27T22:45:59 IST" name="loginApp" data-provider="getdata" finished-at="2021-10-27T22:46:26 IST" duration-ms="27232" status="PASS">
          <params>
            <param index="0">
              <value>
                <![CDATA[01-16-2021]]>
              </value>
            </param>
          </params>
          <reporter-output>
          </reporter-output>
        </test-method> <!-- loginApp -->
        <test-method is-config="true" signature="tearDown()[pri:0, instance:com.fusion.block1.GetExcels@2f217633]" started-at="2021-10-27T22:46:26 IST" name="tearDown" finished-at="2021-10-27T22:46:37 IST" duration-ms="10954" status="PASS">
          <reporter-output>
          </reporter-output>
        </test-method> <!-- tearDown -->
        <test-method is-config="true" signature="setup()[pri:0, instance:com.fusion.block1.GetExcels@2f217633]" started-at="2021-10-27T22:46:37 IST" name="setup" finished-at="2021-10-27T22:46:44 IST" duration-ms="6945" status="PASS">
          <reporter-output>
          </reporter-output>
        </test-method> <!-- setup -->
        <test-method signature="loginApp(java.lang.String)[pri:0, instance:com.fusion.block1.GetExcels@2f217633]" started-at="2021-10-27T22:46:44 IST" name="loginApp" data-provider="getdata" finished-at="2021-10-27T22:47:11 IST" duration-ms="26855" status="PASS">
          <params>
            <param index="0">
              <value>
                <![CDATA[01-17-2021]]>
              </value>
            </param>
          </params>
          <reporter-output>
          </reporter-output>
        </test-method> <!-- loginApp -->
        <test-method is-config="true" signature="tearDown()[pri:0, instance:com.fusion.block1.GetExcels@2f217633]" started-at="2021-10-27T22:47:11 IST" name="tearDown" finished-at="2021-10-27T22:47:22 IST" duration-ms="10982" status="PASS">
          <reporter-output>
          </reporter-output>
        </test-method> <!-- tearDown -->
        <test-method is-config="true" signature="setup()[pri:0, instance:com.fusion.block1.GetExcels@2f217633]" started-at="2021-10-27T22:47:22 IST" name="setup" finished-at="2021-10-27T22:47:30 IST" duration-ms="7545" status="PASS">
          <reporter-output>
          </reporter-output>
        </test-method> <!-- setup -->
        <test-method signature="loginApp(java.lang.String)[pri:0, instance:com.fusion.block1.GetExcels@2f217633]" started-at="2021-10-27T22:47:30 IST" name="loginApp" data-provider="getdata" finished-at="2021-10-27T22:47:58 IST" duration-ms="28472" status="PASS">
          <params>
            <param index="0">
              <value>
                <![CDATA[01-18-2021]]>
              </value>
            </param>
          </params>
          <reporter-output>
          </reporter-output>
        </test-method> <!-- loginApp -->
        <test-method is-config="true" signature="tearDown()[pri:0, instance:com.fusion.block1.GetExcels@2f217633]" started-at="2021-10-27T22:47:58 IST" name="tearDown" finished-at="2021-10-27T22:48:09 IST" duration-ms="10948" status="PASS">
          <reporter-output>
          </reporter-output>
        </test-method> <!-- tearDown -->
        <test-method is-config="true" signature="setup()[pri:0, instance:com.fusion.block1.GetExcels@2f217633]" started-at="2021-10-27T22:48:09 IST" name="setup" finished-at="2021-10-27T22:48:17 IST" duration-ms="7470" status="PASS">
          <reporter-output>
          </reporter-output>
        </test-method> <!-- setup -->
        <test-method signature="loginApp(java.lang.String)[pri:0, instance:com.fusion.block1.GetExcels@2f217633]" started-at="2021-10-27T22:48:17 IST" name="loginApp" data-provider="getdata" finished-at="2021-10-27T22:48:45 IST" duration-ms="28451" status="PASS">
          <params>
            <param index="0">
              <value>
                <![CDATA[01-19-2021]]>
              </value>
            </param>
          </params>
          <reporter-output>
          </reporter-output>
        </test-method> <!-- loginApp -->
        <test-method is-config="true" signature="tearDown()[pri:0, instance:com.fusion.block1.GetExcels@2f217633]" started-at="2021-10-27T22:48:45 IST" name="tearDown" finished-at="2021-10-27T22:48:56 IST" duration-ms="10807" status="PASS">
          <reporter-output>
          </reporter-output>
        </test-method> <!-- tearDown -->
        <test-method is-config="true" signature="setup()[pri:0, instance:com.fusion.block1.GetExcels@2f217633]" started-at="2021-10-27T22:48:56 IST" name="setup" finished-at="2021-10-27T22:49:03 IST" duration-ms="7182" status="PASS">
          <reporter-output>
          </reporter-output>
        </test-method> <!-- setup -->
        <test-method signature="loginApp(java.lang.String)[pri:0, instance:com.fusion.block1.GetExcels@2f217633]" started-at="2021-10-27T22:49:03 IST" name="loginApp" data-provider="getdata" finished-at="2021-10-27T22:49:30 IST" duration-ms="26666" status="PASS">
          <params>
            <param index="0">
              <value>
                <![CDATA[01-20-2021]]>
              </value>
            </param>
          </params>
          <reporter-output>
          </reporter-output>
        </test-method> <!-- loginApp -->
        <test-method is-config="true" signature="tearDown()[pri:0, instance:com.fusion.block1.GetExcels@2f217633]" started-at="2021-10-27T22:49:30 IST" name="tearDown" finished-at="2021-10-27T22:49:41 IST" duration-ms="10987" status="PASS">
          <reporter-output>
          </reporter-output>
        </test-method> <!-- tearDown -->
        <test-method is-config="true" signature="setup()[pri:0, instance:com.fusion.block1.GetExcels@2f217633]" started-at="2021-10-27T22:49:41 IST" name="setup" finished-at="2021-10-27T22:49:48 IST" duration-ms="6861" status="PASS">
          <reporter-output>
          </reporter-output>
        </test-method> <!-- setup -->
        <test-method signature="loginApp(java.lang.String)[pri:0, instance:com.fusion.block1.GetExcels@2f217633]" started-at="2021-10-27T22:49:48 IST" name="loginApp" data-provider="getdata" finished-at="2021-10-27T22:50:15 IST" duration-ms="27116" status="PASS">
          <params>
            <param index="0">
              <value>
                <![CDATA[01-21-2021]]>
              </value>
            </param>
          </params>
          <reporter-output>
          </reporter-output>
        </test-method> <!-- loginApp -->
        <test-method is-config="true" signature="tearDown()[pri:0, instance:com.fusion.block1.GetExcels@2f217633]" started-at="2021-10-27T22:50:15 IST" name="tearDown" finished-at="2021-10-27T22:50:26 IST" duration-ms="10997" status="PASS">
          <reporter-output>
          </reporter-output>
        </test-method> <!-- tearDown -->
        <test-method is-config="true" signature="setup()[pri:0, instance:com.fusion.block1.GetExcels@2f217633]" started-at="2021-10-27T22:50:26 IST" name="setup" finished-at="2021-10-27T22:50:33 IST" duration-ms="7025" status="PASS">
          <reporter-output>
          </reporter-output>
        </test-method> <!-- setup -->
        <test-method signature="loginApp(java.lang.String)[pri:0, instance:com.fusion.block1.GetExcels@2f217633]" started-at="2021-10-27T22:50:33 IST" name="loginApp" data-provider="getdata" finished-at="2021-10-27T22:51:00 IST" duration-ms="27475" status="PASS">
          <params>
            <param index="0">
              <value>
                <![CDATA[01-22-2021]]>
              </value>
            </param>
          </params>
          <reporter-output>
          </reporter-output>
        </test-method> <!-- loginApp -->
        <test-method is-config="true" signature="tearDown()[pri:0, instance:com.fusion.block1.GetExcels@2f217633]" started-at="2021-10-27T22:51:00 IST" name="tearDown" finished-at="2021-10-27T22:51:11 IST" duration-ms="10914" status="PASS">
          <reporter-output>
          </reporter-output>
        </test-method> <!-- tearDown -->
        <test-method is-config="true" signature="setup()[pri:0, instance:com.fusion.block1.GetExcels@2f217633]" started-at="2021-10-27T22:51:11 IST" name="setup" finished-at="2021-10-27T22:51:18 IST" duration-ms="6624" status="PASS">
          <reporter-output>
          </reporter-output>
        </test-method> <!-- setup -->
        <test-method signature="loginApp(java.lang.String)[pri:0, instance:com.fusion.block1.GetExcels@2f217633]" started-at="2021-10-27T22:51:18 IST" name="loginApp" data-provider="getdata" finished-at="2021-10-27T22:51:44 IST" duration-ms="26570" status="PASS">
          <params>
            <param index="0">
              <value>
                <![CDATA[01-23-2021]]>
              </value>
            </param>
          </params>
          <reporter-output>
          </reporter-output>
        </test-method> <!-- loginApp -->
        <test-method is-config="true" signature="tearDown()[pri:0, instance:com.fusion.block1.GetExcels@2f217633]" started-at="2021-10-27T22:51:44 IST" name="tearDown" finished-at="2021-10-27T22:51:56 IST" duration-ms="11207" status="PASS">
          <reporter-output>
          </reporter-output>
        </test-method> <!-- tearDown -->
        <test-method is-config="true" signature="setup()[pri:0, instance:com.fusion.block1.GetExcels@2f217633]" started-at="2021-10-27T22:51:56 IST" name="setup" finished-at="2021-10-27T22:52:02 IST" duration-ms="6839" status="PASS">
          <reporter-output>
          </reporter-output>
        </test-method> <!-- setup -->
        <test-method signature="loginApp(java.lang.String)[pri:0, instance:com.fusion.block1.GetExcels@2f217633]" started-at="2021-10-27T22:52:02 IST" name="loginApp" data-provider="getdata" finished-at="2021-10-27T22:52:29 IST" duration-ms="26698" status="PASS">
          <params>
            <param index="0">
              <value>
                <![CDATA[01-24-2021]]>
              </value>
            </param>
          </params>
          <reporter-output>
          </reporter-output>
        </test-method> <!-- loginApp -->
        <test-method is-config="true" signature="tearDown()[pri:0, instance:com.fusion.block1.GetExcels@2f217633]" started-at="2021-10-27T22:52:29 IST" name="tearDown" finished-at="2021-10-27T22:52:40 IST" duration-ms="10938" status="PASS">
          <reporter-output>
          </reporter-output>
        </test-method> <!-- tearDown -->
        <test-method is-config="true" signature="setup()[pri:0, instance:com.fusion.block1.GetExcels@2f217633]" started-at="2021-10-27T22:52:40 IST" name="setup" finished-at="2021-10-27T22:52:47 IST" duration-ms="7137" status="PASS">
          <reporter-output>
          </reporter-output>
        </test-method> <!-- setup -->
        <test-method signature="loginApp(java.lang.String)[pri:0, instance:com.fusion.block1.GetExcels@2f217633]" started-at="2021-10-27T22:52:47 IST" name="loginApp" data-provider="getdata" finished-at="2021-10-27T22:53:15 IST" duration-ms="27369" status="PASS">
          <params>
            <param index="0">
              <value>
                <![CDATA[01-25-2021]]>
              </value>
            </param>
          </params>
          <reporter-output>
          </reporter-output>
        </test-method> <!-- loginApp -->
        <test-method is-config="true" signature="tearDown()[pri:0, instance:com.fusion.block1.GetExcels@2f217633]" started-at="2021-10-27T22:53:15 IST" name="tearDown" finished-at="2021-10-27T22:53:26 IST" duration-ms="11033" status="PASS">
          <reporter-output>
          </reporter-output>
        </test-method> <!-- tearDown -->
        <test-method is-config="true" signature="setup()[pri:0, instance:com.fusion.block1.GetExcels@2f217633]" started-at="2021-10-27T22:53:26 IST" name="setup" finished-at="2021-10-27T22:53:34 IST" duration-ms="8672" status="PASS">
          <reporter-output>
          </reporter-output>
        </test-method> <!-- setup -->
        <test-method signature="loginApp(java.lang.String)[pri:0, instance:com.fusion.block1.GetExcels@2f217633]" started-at="2021-10-27T22:53:34 IST" name="loginApp" data-provider="getdata" finished-at="2021-10-27T22:54:06 IST" duration-ms="32114" status="PASS">
          <params>
            <param index="0">
              <value>
                <![CDATA[01-26-2021]]>
              </value>
            </param>
          </params>
          <reporter-output>
          </reporter-output>
        </test-method> <!-- loginApp -->
        <test-method is-config="true" signature="tearDown()[pri:0, instance:com.fusion.block1.GetExcels@2f217633]" started-at="2021-10-27T22:54:06 IST" name="tearDown" finished-at="2021-10-27T22:54:17 IST" duration-ms="11011" status="PASS">
          <reporter-output>
          </reporter-output>
        </test-method> <!-- tearDown -->
        <test-method is-config="true" signature="setup()[pri:0, instance:com.fusion.block1.GetExcels@2f217633]" started-at="2021-10-27T22:54:17 IST" name="setup" finished-at="2021-10-27T22:54:24 IST" duration-ms="6461" status="PASS">
          <reporter-output>
          </reporter-output>
        </test-method> <!-- setup -->
        <test-method signature="loginApp(java.lang.String)[pri:0, instance:com.fusion.block1.GetExcels@2f217633]" started-at="2021-10-27T22:54:24 IST" name="loginApp" data-provider="getdata" finished-at="2021-10-27T22:54:51 IST" duration-ms="26825" status="PASS">
          <params>
            <param index="0">
              <value>
                <![CDATA[01-27-2021]]>
              </value>
            </param>
          </params>
          <reporter-output>
          </reporter-output>
        </test-method> <!-- loginApp -->
        <test-method is-config="true" signature="tearDown()[pri:0, instance:com.fusion.block1.GetExcels@2f217633]" started-at="2021-10-27T22:54:51 IST" name="tearDown" finished-at="2021-10-27T22:55:02 IST" duration-ms="11073" status="PASS">
          <reporter-output>
          </reporter-output>
        </test-method> <!-- tearDown -->
        <test-method is-config="true" signature="setup()[pri:0, instance:com.fusion.block1.GetExcels@2f217633]" started-at="2021-10-27T22:55:02 IST" name="setup" finished-at="2021-10-27T22:55:09 IST" duration-ms="7129" status="PASS">
          <reporter-output>
          </reporter-output>
        </test-method> <!-- setup -->
        <test-method signature="loginApp(java.lang.String)[pri:0, instance:com.fusion.block1.GetExcels@2f217633]" started-at="2021-10-27T22:55:09 IST" name="loginApp" data-provider="getdata" finished-at="2021-10-27T22:55:36 IST" duration-ms="27379" status="PASS">
          <params>
            <param index="0">
              <value>
                <![CDATA[01-28-2021]]>
              </value>
            </param>
          </params>
          <reporter-output>
          </reporter-output>
        </test-method> <!-- loginApp -->
        <test-method is-config="true" signature="tearDown()[pri:0, instance:com.fusion.block1.GetExcels@2f217633]" started-at="2021-10-27T22:55:36 IST" name="tearDown" finished-at="2021-10-27T22:55:47 IST" duration-ms="11134" status="PASS">
          <reporter-output>
          </reporter-output>
        </test-method> <!-- tearDown -->
        <test-method is-config="true" signature="setup()[pri:0, instance:com.fusion.block1.GetExcels@2f217633]" started-at="2021-10-27T22:55:47 IST" name="setup" finished-at="2021-10-27T22:55:55 IST" duration-ms="7902" status="PASS">
          <reporter-output>
          </reporter-output>
        </test-method> <!-- setup -->
        <test-method signature="loginApp(java.lang.String)[pri:0, instance:com.fusion.block1.GetExcels@2f217633]" started-at="2021-10-27T22:55:55 IST" name="loginApp" data-provider="getdata" finished-at="2021-10-27T22:56:22 IST" duration-ms="27032" status="PASS">
          <params>
            <param index="0">
              <value>
                <![CDATA[01-29-2021]]>
              </value>
            </param>
          </params>
          <reporter-output>
          </reporter-output>
        </test-method> <!-- loginApp -->
        <test-method is-config="true" signature="tearDown()[pri:0, instance:com.fusion.block1.GetExcels@2f217633]" started-at="2021-10-27T22:56:22 IST" name="tearDown" finished-at="2021-10-27T22:56:33 IST" duration-ms="11018" status="PASS">
          <reporter-output>
          </reporter-output>
        </test-method> <!-- tearDown -->
        <test-method is-config="true" signature="setup()[pri:0, instance:com.fusion.block1.GetExcels@2f217633]" started-at="2021-10-27T22:56:33 IST" name="setup" finished-at="2021-10-27T22:56:41 IST" duration-ms="7377" status="PASS">
          <reporter-output>
          </reporter-output>
        </test-method> <!-- setup -->
        <test-method signature="loginApp(java.lang.String)[pri:0, instance:com.fusion.block1.GetExcels@2f217633]" started-at="2021-10-27T22:56:41 IST" name="loginApp" data-provider="getdata" finished-at="2021-10-27T22:57:08 IST" duration-ms="27319" status="PASS">
          <params>
            <param index="0">
              <value>
                <![CDATA[01-30-2021]]>
              </value>
            </param>
          </params>
          <reporter-output>
          </reporter-output>
        </test-method> <!-- loginApp -->
        <test-method is-config="true" signature="tearDown()[pri:0, instance:com.fusion.block1.GetExcels@2f217633]" started-at="2021-10-27T22:57:08 IST" name="tearDown" finished-at="2021-10-27T22:57:19 IST" duration-ms="10977" status="PASS">
          <reporter-output>
          </reporter-output>
        </test-method> <!-- tearDown -->
        <test-method is-config="true" signature="setup()[pri:0, instance:com.fusion.block1.GetExcels@2f217633]" started-at="2021-10-27T22:57:19 IST" name="setup" finished-at="2021-10-27T22:57:27 IST" duration-ms="7853" status="PASS">
          <reporter-output>
          </reporter-output>
        </test-method> <!-- setup -->
        <test-method signature="loginApp(java.lang.String)[pri:0, instance:com.fusion.block1.GetExcels@2f217633]" started-at="2021-10-27T22:57:27 IST" name="loginApp" data-provider="getdata" finished-at="2021-10-27T22:57:54 IST" duration-ms="27409" status="PASS">
          <params>
            <param index="0">
              <value>
                <![CDATA[01-31-2021]]>
              </value>
            </param>
          </params>
          <reporter-output>
          </reporter-output>
        </test-method> <!-- loginApp -->
        <test-method is-config="true" signature="tearDown()[pri:0, instance:com.fusion.block1.GetExcels@2f217633]" started-at="2021-10-27T22:57:54 IST" name="tearDown" finished-at="2021-10-27T22:58:05 IST" duration-ms="10894" status="PASS">
          <reporter-output>
          </reporter-output>
        </test-method> <!-- tearDown -->
        <test-method is-config="true" signature="setup()[pri:0, instance:com.fusion.block1.GetExcels@2f217633]" started-at="2021-10-27T22:58:05 IST" name="setup" finished-at="2021-10-27T22:58:12 IST" duration-ms="6945" status="PASS">
          <reporter-output>
          </reporter-output>
        </test-method> <!-- setup -->
        <test-method signature="loginApp(java.lang.String)[pri:0, instance:com.fusion.block1.GetExcels@2f217633]" started-at="2021-10-27T22:58:12 IST" name="loginApp" data-provider="getdata" finished-at="2021-10-27T22:58:40 IST" duration-ms="27872" status="PASS">
          <params>
            <param index="0">
              <value>
                <![CDATA[02-01-2021]]>
              </value>
            </param>
          </params>
          <reporter-output>
          </reporter-output>
        </test-method> <!-- loginApp -->
        <test-method is-config="true" signature="tearDown()[pri:0, instance:com.fusion.block1.GetExcels@2f217633]" started-at="2021-10-27T22:58:40 IST" name="tearDown" finished-at="2021-10-27T22:58:51 IST" duration-ms="10991" status="PASS">
          <reporter-output>
          </reporter-output>
        </test-method> <!-- tearDown -->
        <test-method is-config="true" signature="setup()[pri:0, instance:com.fusion.block1.GetExcels@2f217633]" started-at="2021-10-27T22:58:51 IST" name="setup" finished-at="2021-10-27T22:58:59 IST" duration-ms="7609" status="PASS">
          <reporter-output>
          </reporter-output>
        </test-method> <!-- setup -->
        <test-method signature="loginApp(java.lang.String)[pri:0, instance:com.fusion.block1.GetExcels@2f217633]" started-at="2021-10-27T22:58:59 IST" name="loginApp" data-provider="getdata" finished-at="2021-10-27T22:59:26 IST" duration-ms="27496" status="PASS">
          <params>
            <param index="0">
              <value>
                <![CDATA[02-02-2021]]>
              </value>
            </param>
          </params>
          <reporter-output>
          </reporter-output>
        </test-method> <!-- loginApp -->
        <test-method is-config="true" signature="tearDown()[pri:0, instance:com.fusion.block1.GetExcels@2f217633]" started-at="2021-10-27T22:59:26 IST" name="tearDown" finished-at="2021-10-27T22:59:37 IST" duration-ms="10912" status="PASS">
          <reporter-output>
          </reporter-output>
        </test-method> <!-- tearDown -->
        <test-method is-config="true" signature="setup()[pri:0, instance:com.fusion.block1.GetExcels@2f217633]" started-at="2021-10-27T22:59:37 IST" name="setup" finished-at="2021-10-27T22:59:44 IST" duration-ms="7119" status="PASS">
          <reporter-output>
          </reporter-output>
        </test-method> <!-- setup -->
        <test-method signature="loginApp(java.lang.String)[pri:0, instance:com.fusion.block1.GetExcels@2f217633]" started-at="2021-10-27T22:59:44 IST" name="loginApp" data-provider="getdata" finished-at="2021-10-27T23:00:11 IST" duration-ms="27162" status="PASS">
          <params>
            <param index="0">
              <value>
                <![CDATA[02-03-2021]]>
              </value>
            </param>
          </params>
          <reporter-output>
          </reporter-output>
        </test-method> <!-- loginApp -->
        <test-method is-config="true" signature="tearDown()[pri:0, instance:com.fusion.block1.GetExcels@2f217633]" started-at="2021-10-27T23:00:11 IST" name="tearDown" finished-at="2021-10-27T23:00:22 IST" duration-ms="10961" status="PASS">
          <reporter-output>
          </reporter-output>
        </test-method> <!-- tearDown -->
        <test-method is-config="true" signature="setup()[pri:0, instance:com.fusion.block1.GetExcels@2f217633]" started-at="2021-10-27T23:00:22 IST" name="setup" finished-at="2021-10-27T23:00:29 IST" duration-ms="6507" status="PASS">
          <reporter-output>
          </reporter-output>
        </test-method> <!-- setup -->
        <test-method signature="loginApp(java.lang.String)[pri:0, instance:com.fusion.block1.GetExcels@2f217633]" started-at="2021-10-27T23:00:29 IST" name="loginApp" data-provider="getdata" finished-at="2021-10-27T23:00:56 IST" duration-ms="26936" status="PASS">
          <params>
            <param index="0">
              <value>
                <![CDATA[02-04-2021]]>
              </value>
            </param>
          </params>
          <reporter-output>
          </reporter-output>
        </test-method> <!-- loginApp -->
        <test-method is-config="true" signature="tearDown()[pri:0, instance:com.fusion.block1.GetExcels@2f217633]" started-at="2021-10-27T23:00:56 IST" name="tearDown" finished-at="2021-10-27T23:01:07 IST" duration-ms="10921" status="PASS">
          <reporter-output>
          </reporter-output>
        </test-method> <!-- tearDown -->
        <test-method is-config="true" signature="setup()[pri:0, instance:com.fusion.block1.GetExcels@2f217633]" started-at="2021-10-27T23:01:07 IST" name="setup" finished-at="2021-10-27T23:01:14 IST" duration-ms="6978" status="PASS">
          <reporter-output>
          </reporter-output>
        </test-method> <!-- setup -->
        <test-method signature="loginApp(java.lang.String)[pri:0, instance:com.fusion.block1.GetExcels@2f217633]" started-at="2021-10-27T23:01:14 IST" name="loginApp" data-provider="getdata" finished-at="2021-10-27T23:01:41 IST" duration-ms="27154" status="PASS">
          <params>
            <param index="0">
              <value>
                <![CDATA[02-05-2021]]>
              </value>
            </param>
          </params>
          <reporter-output>
          </reporter-output>
        </test-method> <!-- loginApp -->
        <test-method is-config="true" signature="tearDown()[pri:0, instance:com.fusion.block1.GetExcels@2f217633]" started-at="2021-10-27T23:01:41 IST" name="tearDown" finished-at="2021-10-27T23:01:52 IST" duration-ms="10997" status="PASS">
          <reporter-output>
          </reporter-output>
        </test-method> <!-- tearDown -->
        <test-method is-config="true" signature="setup()[pri:0, instance:com.fusion.block1.GetExcels@2f217633]" started-at="2021-10-27T23:01:52 IST" name="setup" finished-at="2021-10-27T23:01:59 IST" duration-ms="7310" status="PASS">
          <reporter-output>
          </reporter-output>
        </test-method> <!-- setup -->
        <test-method signature="loginApp(java.lang.String)[pri:0, instance:com.fusion.block1.GetExcels@2f217633]" started-at="2021-10-27T23:01:59 IST" name="loginApp" data-provider="getdata" finished-at="2021-10-27T23:02:26 IST" duration-ms="26510" status="PASS">
          <params>
            <param index="0">
              <value>
                <![CDATA[02-06-2021]]>
              </value>
            </param>
          </params>
          <reporter-output>
          </reporter-output>
        </test-method> <!-- loginApp -->
        <test-method is-config="true" signature="tearDown()[pri:0, instance:com.fusion.block1.GetExcels@2f217633]" started-at="2021-10-27T23:02:26 IST" name="tearDown" finished-at="2021-10-27T23:02:37 IST" duration-ms="11186" status="PASS">
          <reporter-output>
          </reporter-output>
        </test-method> <!-- tearDown -->
        <test-method is-config="true" signature="setup()[pri:0, instance:com.fusion.block1.GetExcels@2f217633]" started-at="2021-10-27T23:02:37 IST" name="setup" finished-at="2021-10-27T23:02:45 IST" duration-ms="7775" status="PASS">
          <reporter-output>
          </reporter-output>
        </test-method> <!-- setup -->
        <test-method signature="loginApp(java.lang.String)[pri:0, instance:com.fusion.block1.GetExcels@2f217633]" started-at="2021-10-27T23:02:45 IST" name="loginApp" data-provider="getdata" finished-at="2021-10-27T23:03:12 IST" duration-ms="27168" status="PASS">
          <params>
            <param index="0">
              <value>
                <![CDATA[02-07-2021]]>
              </value>
            </param>
          </params>
          <reporter-output>
          </reporter-output>
        </test-method> <!-- loginApp -->
        <test-method is-config="true" signature="tearDown()[pri:0, instance:com.fusion.block1.GetExcels@2f217633]" started-at="2021-10-27T23:03:12 IST" name="tearDown" finished-at="2021-10-27T23:03:23 IST" duration-ms="11234" status="PASS">
          <reporter-output>
          </reporter-output>
        </test-method> <!-- tearDown -->
        <test-method is-config="true" signature="setup()[pri:0, instance:com.fusion.block1.GetExcels@2f217633]" started-at="2021-10-27T23:03:23 IST" name="setup" finished-at="2021-10-27T23:03:31 IST" duration-ms="7676" status="PASS">
          <reporter-output>
          </reporter-output>
        </test-method> <!-- setup -->
        <test-method signature="loginApp(java.lang.String)[pri:0, instance:com.fusion.block1.GetExcels@2f217633]" started-at="2021-10-27T23:03:31 IST" name="loginApp" data-provider="getdata" finished-at="2021-10-27T23:03:59 IST" duration-ms="28069" status="PASS">
          <params>
            <param index="0">
              <value>
                <![CDATA[02-08-2021]]>
              </value>
            </param>
          </params>
          <reporter-output>
          </reporter-output>
        </test-method> <!-- loginApp -->
        <test-method is-config="true" signature="tearDown()[pri:0, instance:com.fusion.block1.GetExcels@2f217633]" started-at="2021-10-27T23:03:59 IST" name="tearDown" finished-at="2021-10-27T23:04:10 IST" duration-ms="10928" status="PASS">
          <reporter-output>
          </reporter-output>
        </test-method> <!-- tearDown -->
        <test-method is-config="true" signature="setup()[pri:0, instance:com.fusion.block1.GetExcels@2f217633]" started-at="2021-10-27T23:04:10 IST" name="setup" finished-at="2021-10-27T23:04:17 IST" duration-ms="7066" status="PASS">
          <reporter-output>
          </reporter-output>
        </test-method> <!-- setup -->
        <test-method signature="loginApp(java.lang.String)[pri:0, instance:com.fusion.block1.GetExcels@2f217633]" started-at="2021-10-27T23:04:17 IST" name="loginApp" data-provider="getdata" finished-at="2021-10-27T23:04:44 IST" duration-ms="27593" status="PASS">
          <params>
            <param index="0">
              <value>
                <![CDATA[02-09-2021]]>
              </value>
            </param>
          </params>
          <reporter-output>
          </reporter-output>
        </test-method> <!-- loginApp -->
        <test-method is-config="true" signature="tearDown()[pri:0, instance:com.fusion.block1.GetExcels@2f217633]" started-at="2021-10-27T23:04:44 IST" name="tearDown" finished-at="2021-10-27T23:04:55 IST" duration-ms="10982" status="PASS">
          <reporter-output>
          </reporter-output>
        </test-method> <!-- tearDown -->
        <test-method is-config="true" signature="setup()[pri:0, instance:com.fusion.block1.GetExcels@2f217633]" started-at="2021-10-27T23:04:55 IST" name="setup" finished-at="2021-10-27T23:05:02 IST" duration-ms="6569" status="PASS">
          <reporter-output>
          </reporter-output>
        </test-method> <!-- setup -->
        <test-method signature="loginApp(java.lang.String)[pri:0, instance:com.fusion.block1.GetExcels@2f217633]" started-at="2021-10-27T23:05:02 IST" name="loginApp" data-provider="getdata" finished-at="2021-10-27T23:05:28 IST" duration-ms="26277" status="PASS">
          <params>
            <param index="0">
              <value>
                <![CDATA[02-10-2021]]>
              </value>
            </param>
          </params>
          <reporter-output>
          </reporter-output>
        </test-method> <!-- loginApp -->
        <test-method is-config="true" signature="tearDown()[pri:0, instance:com.fusion.block1.GetExcels@2f217633]" started-at="2021-10-27T23:05:28 IST" name="tearDown" finished-at="2021-10-27T23:05:39 IST" duration-ms="10905" status="PASS">
          <reporter-output>
          </reporter-output>
        </test-method> <!-- tearDown -->
        <test-method is-config="true" signature="setup()[pri:0, instance:com.fusion.block1.GetExcels@2f217633]" started-at="2021-10-27T23:05:39 IST" name="setup" finished-at="2021-10-27T23:05:46 IST" duration-ms="6985" status="PASS">
          <reporter-output>
          </reporter-output>
        </test-method> <!-- setup -->
        <test-method signature="loginApp(java.lang.String)[pri:0, instance:com.fusion.block1.GetExcels@2f217633]" started-at="2021-10-27T23:05:46 IST" name="loginApp" data-provider="getdata" finished-at="2021-10-27T23:06:13 IST" duration-ms="26542" status="PASS">
          <params>
            <param index="0">
              <value>
                <![CDATA[02-11-2021]]>
              </value>
            </param>
          </params>
          <reporter-output>
          </reporter-output>
        </test-method> <!-- loginApp -->
        <test-method is-config="true" signature="tearDown()[pri:0, instance:com.fusion.block1.GetExcels@2f217633]" started-at="2021-10-27T23:06:13 IST" name="tearDown" finished-at="2021-10-27T23:06:23 IST" duration-ms="10943" status="PASS">
          <reporter-output>
          </reporter-output>
        </test-method> <!-- tearDown -->
        <test-method is-config="true" signature="setup()[pri:0, instance:com.fusion.block1.GetExcels@2f217633]" started-at="2021-10-27T23:06:23 IST" name="setup" finished-at="2021-10-27T23:06:31 IST" duration-ms="7325" status="PASS">
          <reporter-output>
          </reporter-output>
        </test-method> <!-- setup -->
        <test-method signature="loginApp(java.lang.String)[pri:0, instance:com.fusion.block1.GetExcels@2f217633]" started-at="2021-10-27T23:06:31 IST" name="loginApp" data-provider="getdata" finished-at="2021-10-27T23:06:57 IST" duration-ms="26550" status="PASS">
          <params>
            <param index="0">
              <value>
                <![CDATA[02-12-2021]]>
              </value>
            </param>
          </params>
          <reporter-output>
          </reporter-output>
        </test-method> <!-- loginApp -->
        <test-method is-config="true" signature="tearDown()[pri:0, instance:com.fusion.block1.GetExcels@2f217633]" started-at="2021-10-27T23:06:57 IST" name="tearDown" finished-at="2021-10-27T23:07:08 IST" duration-ms="10902" status="PASS">
          <reporter-output>
          </reporter-output>
        </test-method> <!-- tearDown -->
        <test-method is-config="true" signature="setup()[pri:0, instance:com.fusion.block1.GetExcels@2f217633]" started-at="2021-10-27T23:07:08 IST" name="setup" finished-at="2021-10-27T23:07:16 IST" duration-ms="7675" status="PASS">
          <reporter-output>
          </reporter-output>
        </test-method> <!-- setup -->
        <test-method signature="loginApp(java.lang.String)[pri:0, instance:com.fusion.block1.GetExcels@2f217633]" started-at="2021-10-27T23:07:16 IST" name="loginApp" data-provider="getdata" finished-at="2021-10-27T23:07:43 IST" duration-ms="26916" status="PASS">
          <params>
            <param index="0">
              <value>
                <![CDATA[02-13-2021]]>
              </value>
            </param>
          </params>
          <reporter-output>
          </reporter-output>
        </test-method> <!-- loginApp -->
        <test-method is-config="true" signature="tearDown()[pri:0, instance:com.fusion.block1.GetExcels@2f217633]" started-at="2021-10-27T23:07:43 IST" name="tearDown" finished-at="2021-10-27T23:07:54 IST" duration-ms="10937" status="PASS">
          <reporter-output>
          </reporter-output>
        </test-method> <!-- tearDown -->
        <test-method is-config="true" signature="setup()[pri:0, instance:com.fusion.block1.GetExcels@2f217633]" started-at="2021-10-27T23:07:54 IST" name="setup" finished-at="2021-10-27T23:08:01 IST" duration-ms="7271" status="PASS">
          <reporter-output>
          </reporter-output>
        </test-method> <!-- setup -->
        <test-method signature="loginApp(java.lang.String)[pri:0, instance:com.fusion.block1.GetExcels@2f217633]" started-at="2021-10-27T23:08:01 IST" name="loginApp" data-provider="getdata" finished-at="2021-10-27T23:08:27 IST" duration-ms="26329" status="PASS">
          <params>
            <param index="0">
              <value>
                <![CDATA[02-14-2021]]>
              </value>
            </param>
          </params>
          <reporter-output>
          </reporter-output>
        </test-method> <!-- loginApp -->
        <test-method is-config="true" signature="tearDown()[pri:0, instance:com.fusion.block1.GetExcels@2f217633]" started-at="2021-10-27T23:08:27 IST" name="tearDown" finished-at="2021-10-27T23:08:39 IST" duration-ms="11158" status="PASS">
          <reporter-output>
          </reporter-output>
        </test-method> <!-- tearDown -->
        <test-method is-config="true" signature="setup()[pri:0, instance:com.fusion.block1.GetExcels@2f217633]" started-at="2021-10-27T23:08:39 IST" name="setup" finished-at="2021-10-27T23:08:46 IST" duration-ms="7240" status="PASS">
          <reporter-output>
          </reporter-output>
        </test-method> <!-- setup -->
        <test-method signature="loginApp(java.lang.String)[pri:0, instance:com.fusion.block1.GetExcels@2f217633]" started-at="2021-10-27T23:08:46 IST" name="loginApp" data-provider="getdata" finished-at="2021-10-27T23:09:13 IST" duration-ms="26828" status="PASS">
          <params>
            <param index="0">
              <value>
                <![CDATA[02-15-2021]]>
              </value>
            </param>
          </params>
          <reporter-output>
          </reporter-output>
        </test-method> <!-- loginApp -->
        <test-method is-config="true" signature="tearDown()[pri:0, instance:com.fusion.block1.GetExcels@2f217633]" started-at="2021-10-27T23:09:13 IST" name="tearDown" finished-at="2021-10-27T23:09:24 IST" duration-ms="10996" status="PASS">
          <reporter-output>
          </reporter-output>
        </test-method> <!-- tearDown -->
        <test-method is-config="true" signature="setup()[pri:0, instance:com.fusion.block1.GetExcels@2f217633]" started-at="2021-10-27T23:09:24 IST" name="setup" finished-at="2021-10-27T23:09:30 IST" duration-ms="6702" status="PASS">
          <reporter-output>
          </reporter-output>
        </test-method> <!-- setup -->
        <test-method signature="loginApp(java.lang.String)[pri:0, instance:com.fusion.block1.GetExcels@2f217633]" started-at="2021-10-27T23:09:30 IST" name="loginApp" data-provider="getdata" finished-at="2021-10-27T23:09:57 IST" duration-ms="26763" status="PASS">
          <params>
            <param index="0">
              <value>
                <![CDATA[02-16-2021]]>
              </value>
            </param>
          </params>
          <reporter-output>
          </reporter-output>
        </test-method> <!-- loginApp -->
        <test-method is-config="true" signature="tearDown()[pri:0, instance:com.fusion.block1.GetExcels@2f217633]" started-at="2021-10-27T23:09:57 IST" name="tearDown" finished-at="2021-10-27T23:10:08 IST" duration-ms="10977" status="PASS">
          <reporter-output>
          </reporter-output>
        </test-method> <!-- tearDown -->
        <test-method is-config="true" signature="setup()[pri:0, instance:com.fusion.block1.GetExcels@2f217633]" started-at="2021-10-27T23:10:08 IST" name="setup" finished-at="2021-10-27T23:10:16 IST" duration-ms="7551" status="PASS">
          <reporter-output>
          </reporter-output>
        </test-method> <!-- setup -->
        <test-method signature="loginApp(java.lang.String)[pri:0, instance:com.fusion.block1.GetExcels@2f217633]" started-at="2021-10-27T23:10:16 IST" name="loginApp" data-provider="getdata" finished-at="2021-10-27T23:10:43 IST" duration-ms="27203" status="PASS">
          <params>
            <param index="0">
              <value>
                <![CDATA[02-17-2021]]>
              </value>
            </param>
          </params>
          <reporter-output>
          </reporter-output>
        </test-method> <!-- loginApp -->
        <test-method is-config="true" signature="tearDown()[pri:0, instance:com.fusion.block1.GetExcels@2f217633]" started-at="2021-10-27T23:10:43 IST" name="tearDown" finished-at="2021-10-27T23:10:54 IST" duration-ms="10977" status="PASS">
          <reporter-output>
          </reporter-output>
        </test-method> <!-- tearDown -->
        <test-method is-config="true" signature="setup()[pri:0, instance:com.fusion.block1.GetExcels@2f217633]" started-at="2021-10-27T23:10:54 IST" name="setup" finished-at="2021-10-27T23:11:01 IST" duration-ms="6755" status="PASS">
          <reporter-output>
          </reporter-output>
        </test-method> <!-- setup -->
        <test-method signature="loginApp(java.lang.String)[pri:0, instance:com.fusion.block1.GetExcels@2f217633]" started-at="2021-10-27T23:11:01 IST" name="loginApp" data-provider="getdata" finished-at="2021-10-27T23:11:28 IST" duration-ms="27187" status="PASS">
          <params>
            <param index="0">
              <value>
                <![CDATA[02-18-2021]]>
              </value>
            </param>
          </params>
          <reporter-output>
          </reporter-output>
        </test-method> <!-- loginApp -->
        <test-method is-config="true" signature="tearDown()[pri:0, instance:com.fusion.block1.GetExcels@2f217633]" started-at="2021-10-27T23:11:28 IST" name="tearDown" finished-at="2021-10-27T23:11:39 IST" duration-ms="10962" status="PASS">
          <reporter-output>
          </reporter-output>
        </test-method> <!-- tearDown -->
        <test-method is-config="true" signature="setup()[pri:0, instance:com.fusion.block1.GetExcels@2f217633]" started-at="2021-10-27T23:11:39 IST" name="setup" finished-at="2021-10-27T23:11:47 IST" duration-ms="7962" status="PASS">
          <reporter-output>
          </reporter-output>
        </test-method> <!-- setup -->
        <test-method signature="loginApp(java.lang.String)[pri:0, instance:com.fusion.block1.GetExcels@2f217633]" started-at="2021-10-27T23:11:47 IST" name="loginApp" data-provider="getdata" finished-at="2021-10-27T23:12:14 IST" duration-ms="27057" status="PASS">
          <params>
            <param index="0">
              <value>
                <![CDATA[02-19-2021]]>
              </value>
            </param>
          </params>
          <reporter-output>
          </reporter-output>
        </test-method> <!-- loginApp -->
        <test-method is-config="true" signature="tearDown()[pri:0, instance:com.fusion.block1.GetExcels@2f217633]" started-at="2021-10-27T23:12:14 IST" name="tearDown" finished-at="2021-10-27T23:12:25 IST" duration-ms="10942" status="PASS">
          <reporter-output>
          </reporter-output>
        </test-method> <!-- tearDown -->
        <test-method is-config="true" signature="setup()[pri:0, instance:com.fusion.block1.GetExcels@2f217633]" started-at="2021-10-27T23:12:25 IST" name="setup" finished-at="2021-10-27T23:12:32 IST" duration-ms="6920" status="PASS">
          <reporter-output>
          </reporter-output>
        </test-method> <!-- setup -->
        <test-method signature="loginApp(java.lang.String)[pri:0, instance:com.fusion.block1.GetExcels@2f217633]" started-at="2021-10-27T23:12:32 IST" name="loginApp" data-provider="getdata" finished-at="2021-10-27T23:12:58 IST" duration-ms="26577" status="PASS">
          <params>
            <param index="0">
              <value>
                <![CDATA[02-20-2021]]>
              </value>
            </param>
          </params>
          <reporter-output>
          </reporter-output>
        </test-method> <!-- loginApp -->
        <test-method is-config="true" signature="tearDown()[pri:0, instance:com.fusion.block1.GetExcels@2f217633]" started-at="2021-10-27T23:12:58 IST" name="tearDown" finished-at="2021-10-27T23:13:09 IST" duration-ms="11034" status="PASS">
          <reporter-output>
          </reporter-output>
        </test-method> <!-- tearDown -->
        <test-method is-config="true" signature="setup()[pri:0, instance:com.fusion.block1.GetExcels@2f217633]" started-at="2021-10-27T23:13:09 IST" name="setup" finished-at="2021-10-27T23:13:16 IST" duration-ms="6947" status="PASS">
          <reporter-output>
          </reporter-output>
        </test-method> <!-- setup -->
        <test-method signature="loginApp(java.lang.String)[pri:0, instance:com.fusion.block1.GetExcels@2f217633]" started-at="2021-10-27T23:13:16 IST" name="loginApp" data-provider="getdata" finished-at="2021-10-27T23:13:43 IST" duration-ms="26508" status="PASS">
          <params>
            <param index="0">
              <value>
                <![CDATA[02-21-2021]]>
              </value>
            </param>
          </params>
          <reporter-output>
          </reporter-output>
        </test-method> <!-- loginApp -->
        <test-method is-config="true" signature="tearDown()[pri:0, instance:com.fusion.block1.GetExcels@2f217633]" started-at="2021-10-27T23:13:43 IST" name="tearDown" finished-at="2021-10-27T23:13:54 IST" duration-ms="10957" status="PASS">
          <reporter-output>
          </reporter-output>
        </test-method> <!-- tearDown -->
        <test-method is-config="true" signature="setup()[pri:0, instance:com.fusion.block1.GetExcels@2f217633]" started-at="2021-10-27T23:13:54 IST" name="setup" finished-at="2021-10-27T23:14:00 IST" duration-ms="6199" status="PASS">
          <reporter-output>
          </reporter-output>
        </test-method> <!-- setup -->
        <test-method signature="loginApp(java.lang.String)[pri:0, instance:com.fusion.block1.GetExcels@2f217633]" started-at="2021-10-27T23:14:00 IST" name="loginApp" data-provider="getdata" finished-at="2021-10-27T23:14:26 IST" duration-ms="25747" status="PASS">
          <params>
            <param index="0">
              <value>
                <![CDATA[02-22-2021]]>
              </value>
            </param>
          </params>
          <reporter-output>
          </reporter-output>
        </test-method> <!-- loginApp -->
        <test-method is-config="true" signature="tearDown()[pri:0, instance:com.fusion.block1.GetExcels@2f217633]" started-at="2021-10-27T23:14:26 IST" name="tearDown" finished-at="2021-10-27T23:14:37 IST" duration-ms="10981" status="PASS">
          <reporter-output>
          </reporter-output>
        </test-method> <!-- tearDown -->
        <test-method is-config="true" signature="setup()[pri:0, instance:com.fusion.block1.GetExcels@2f217633]" started-at="2021-10-27T23:14:37 IST" name="setup" finished-at="2021-10-27T23:14:43 IST" duration-ms="6786" status="PASS">
          <reporter-output>
          </reporter-output>
        </test-method> <!-- setup -->
        <test-method signature="loginApp(java.lang.String)[pri:0, instance:com.fusion.block1.GetExcels@2f217633]" started-at="2021-10-27T23:14:43 IST" name="loginApp" data-provider="getdata" finished-at="2021-10-27T23:15:10 IST" duration-ms="26510" status="PASS">
          <params>
            <param index="0">
              <value>
                <![CDATA[02-23-2021]]>
              </value>
            </param>
          </params>
          <reporter-output>
          </reporter-output>
        </test-method> <!-- loginApp -->
        <test-method is-config="true" signature="tearDown()[pri:0, instance:com.fusion.block1.GetExcels@2f217633]" started-at="2021-10-27T23:15:10 IST" name="tearDown" finished-at="2021-10-27T23:15:21 IST" duration-ms="10989" status="PASS">
          <reporter-output>
          </reporter-output>
        </test-method> <!-- tearDown -->
        <test-method is-config="true" signature="setup()[pri:0, instance:com.fusion.block1.GetExcels@2f217633]" started-at="2021-10-27T23:15:21 IST" name="setup" finished-at="2021-10-27T23:15:28 IST" duration-ms="6932" status="PASS">
          <reporter-output>
          </reporter-output>
        </test-method> <!-- setup -->
        <test-method signature="loginApp(java.lang.String)[pri:0, instance:com.fusion.block1.GetExcels@2f217633]" started-at="2021-10-27T23:15:28 IST" name="loginApp" data-provider="getdata" finished-at="2021-10-27T23:15:54 IST" duration-ms="26235" status="PASS">
          <params>
            <param index="0">
              <value>
                <![CDATA[02-24-2021]]>
              </value>
            </param>
          </params>
          <reporter-output>
          </reporter-output>
        </test-method> <!-- loginApp -->
        <test-method is-config="true" signature="tearDown()[pri:0, instance:com.fusion.block1.GetExcels@2f217633]" started-at="2021-10-27T23:15:54 IST" name="tearDown" finished-at="2021-10-27T23:16:05 IST" duration-ms="11258" status="PASS">
          <reporter-output>
          </reporter-output>
        </test-method> <!-- tearDown -->
        <test-method is-config="true" signature="setup()[pri:0, instance:com.fusion.block1.GetExcels@2f217633]" started-at="2021-10-27T23:16:05 IST" name="setup" finished-at="2021-10-27T23:16:13 IST" duration-ms="7470" status="PASS">
          <reporter-output>
          </reporter-output>
        </test-method> <!-- setup -->
        <test-method signature="loginApp(java.lang.String)[pri:0, instance:com.fusion.block1.GetExcels@2f217633]" started-at="2021-10-27T23:16:13 IST" name="loginApp" data-provider="getdata" finished-at="2021-10-27T23:16:39 IST" duration-ms="26181" status="PASS">
          <params>
            <param index="0">
              <value>
                <![CDATA[02-25-2021]]>
              </value>
            </param>
          </params>
          <reporter-output>
          </reporter-output>
        </test-method> <!-- loginApp -->
        <test-method is-config="true" signature="tearDown()[pri:0, instance:com.fusion.block1.GetExcels@2f217633]" started-at="2021-10-27T23:16:39 IST" name="tearDown" finished-at="2021-10-27T23:16:50 IST" duration-ms="10894" status="PASS">
          <reporter-output>
          </reporter-output>
        </test-method> <!-- tearDown -->
        <test-method is-config="true" signature="setup()[pri:0, instance:com.fusion.block1.GetExcels@2f217633]" started-at="2021-10-27T23:16:50 IST" name="setup" finished-at="2021-10-27T23:16:57 IST" duration-ms="7312" status="PASS">
          <reporter-output>
          </reporter-output>
        </test-method> <!-- setup -->
        <test-method signature="loginApp(java.lang.String)[pri:0, instance:com.fusion.block1.GetExcels@2f217633]" started-at="2021-10-27T23:16:57 IST" name="loginApp" data-provider="getdata" finished-at="2021-10-27T23:17:25 IST" duration-ms="27414" status="PASS">
          <params>
            <param index="0">
              <value>
                <![CDATA[02-26-2021]]>
              </value>
            </param>
          </params>
          <reporter-output>
          </reporter-output>
        </test-method> <!-- loginApp -->
        <test-method is-config="true" signature="tearDown()[pri:0, instance:com.fusion.block1.GetExcels@2f217633]" started-at="2021-10-27T23:17:25 IST" name="tearDown" finished-at="2021-10-27T23:17:35 IST" duration-ms="10970" status="PASS">
          <reporter-output>
          </reporter-output>
        </test-method> <!-- tearDown -->
        <test-method is-config="true" signature="setup()[pri:0, instance:com.fusion.block1.GetExcels@2f217633]" started-at="2021-10-27T23:17:35 IST" name="setup" finished-at="2021-10-27T23:17:42 IST" duration-ms="7016" status="PASS">
          <reporter-output>
          </reporter-output>
        </test-method> <!-- setup -->
        <test-method signature="loginApp(java.lang.String)[pri:0, instance:com.fusion.block1.GetExcels@2f217633]" started-at="2021-10-27T23:17:42 IST" name="loginApp" data-provider="getdata" finished-at="2021-10-27T23:18:10 IST" duration-ms="27363" status="PASS">
          <params>
            <param index="0">
              <value>
                <![CDATA[02-27-2021]]>
              </value>
            </param>
          </params>
          <reporter-output>
          </reporter-output>
        </test-method> <!-- loginApp -->
        <test-method is-config="true" signature="tearDown()[pri:0, instance:com.fusion.block1.GetExcels@2f217633]" started-at="2021-10-27T23:18:10 IST" name="tearDown" finished-at="2021-10-27T23:18:21 IST" duration-ms="10983" status="PASS">
          <reporter-output>
          </reporter-output>
        </test-method> <!-- tearDown -->
        <test-method is-config="true" signature="setup()[pri:0, instance:com.fusion.block1.GetExcels@2f217633]" started-at="2021-10-27T23:18:21 IST" name="setup" finished-at="2021-10-27T23:18:28 IST" duration-ms="6869" status="PASS">
          <reporter-output>
          </reporter-output>
        </test-method> <!-- setup -->
        <test-method signature="loginApp(java.lang.String)[pri:0, instance:com.fusion.block1.GetExcels@2f217633]" started-at="2021-10-27T23:18:28 IST" name="loginApp" data-provider="getdata" finished-at="2021-10-27T23:18:53 IST" duration-ms="25466" status="PASS">
          <params>
            <param index="0">
              <value>
                <![CDATA[02-28-2021]]>
              </value>
            </param>
          </params>
          <reporter-output>
          </reporter-output>
        </test-method> <!-- loginApp -->
        <test-method is-config="true" signature="tearDown()[pri:0, instance:com.fusion.block1.GetExcels@2f217633]" started-at="2021-10-27T23:18:53 IST" name="tearDown" finished-at="2021-10-27T23:19:04 IST" duration-ms="10918" status="PASS">
          <reporter-output>
          </reporter-output>
        </test-method> <!-- tearDown -->
        <test-method is-config="true" signature="setup()[pri:0, instance:com.fusion.block1.GetExcels@2f217633]" started-at="2021-10-27T23:19:04 IST" name="setup" finished-at="2021-10-27T23:19:11 IST" duration-ms="7085" status="PASS">
          <reporter-output>
          </reporter-output>
        </test-method> <!-- setup -->
        <test-method signature="loginApp(java.lang.String)[pri:0, instance:com.fusion.block1.GetExcels@2f217633]" started-at="2021-10-27T23:19:11 IST" name="loginApp" data-provider="getdata" finished-at="2021-10-27T23:19:37 IST" duration-ms="26249" status="PASS">
          <params>
            <param index="0">
              <value>
                <![CDATA[03-01-2021]]>
              </value>
            </param>
          </params>
          <reporter-output>
          </reporter-output>
        </test-method> <!-- loginApp -->
        <test-method is-config="true" signature="tearDown()[pri:0, instance:com.fusion.block1.GetExcels@2f217633]" started-at="2021-10-27T23:19:37 IST" name="tearDown" finished-at="2021-10-27T23:19:48 IST" duration-ms="11008" status="PASS">
          <reporter-output>
          </reporter-output>
        </test-method> <!-- tearDown -->
        <test-method is-config="true" signature="setup()[pri:0, instance:com.fusion.block1.GetExcels@2f217633]" started-at="2021-10-27T23:19:48 IST" name="setup" finished-at="2021-10-27T23:19:56 IST" duration-ms="7190" status="PASS">
          <reporter-output>
          </reporter-output>
        </test-method> <!-- setup -->
        <test-method signature="loginApp(java.lang.String)[pri:0, instance:com.fusion.block1.GetExcels@2f217633]" started-at="2021-10-27T23:19:56 IST" name="loginApp" data-provider="getdata" finished-at="2021-10-27T23:20:22 IST" duration-ms="26280" status="PASS">
          <params>
            <param index="0">
              <value>
                <![CDATA[03-02-2021]]>
              </value>
            </param>
          </params>
          <reporter-output>
          </reporter-output>
        </test-method> <!-- loginApp -->
        <test-method is-config="true" signature="tearDown()[pri:0, instance:com.fusion.block1.GetExcels@2f217633]" started-at="2021-10-27T23:20:22 IST" name="tearDown" finished-at="2021-10-27T23:20:33 IST" duration-ms="11001" status="PASS">
          <reporter-output>
          </reporter-output>
        </test-method> <!-- tearDown -->
        <test-method is-config="true" signature="setup()[pri:0, instance:com.fusion.block1.GetExcels@2f217633]" started-at="2021-10-27T23:20:33 IST" name="setup" finished-at="2021-10-27T23:20:40 IST" duration-ms="7130" status="PASS">
          <reporter-output>
          </reporter-output>
        </test-method> <!-- setup -->
        <test-method signature="loginApp(java.lang.String)[pri:0, instance:com.fusion.block1.GetExcels@2f217633]" started-at="2021-10-27T23:20:40 IST" name="loginApp" data-provider="getdata" finished-at="2021-10-27T23:21:06 IST" duration-ms="26093" status="PASS">
          <params>
            <param index="0">
              <value>
                <![CDATA[03-03-2021]]>
              </value>
            </param>
          </params>
          <reporter-output>
          </reporter-output>
        </test-method> <!-- loginApp -->
        <test-method is-config="true" signature="tearDown()[pri:0, instance:com.fusion.block1.GetExcels@2f217633]" started-at="2021-10-27T23:21:06 IST" name="tearDown" finished-at="2021-10-27T23:21:17 IST" duration-ms="10990" status="PASS">
          <reporter-output>
          </reporter-output>
        </test-method> <!-- tearDown -->
        <test-method is-config="true" signature="setup()[pri:0, instance:com.fusion.block1.GetExcels@2f217633]" started-at="2021-10-27T23:21:17 IST" name="setup" finished-at="2021-10-27T23:21:25 IST" duration-ms="7479" status="PASS">
          <reporter-output>
          </reporter-output>
        </test-method> <!-- setup -->
        <test-method signature="loginApp(java.lang.String)[pri:0, instance:com.fusion.block1.GetExcels@2f217633]" started-at="2021-10-27T23:21:25 IST" name="loginApp" data-provider="getdata" finished-at="2021-10-27T23:21:52 IST" duration-ms="27114" status="PASS">
          <params>
            <param index="0">
              <value>
                <![CDATA[03-04-2021]]>
              </value>
            </param>
          </params>
          <reporter-output>
          </reporter-output>
        </test-method> <!-- loginApp -->
        <test-method is-config="true" signature="tearDown()[pri:0, instance:com.fusion.block1.GetExcels@2f217633]" started-at="2021-10-27T23:21:52 IST" name="tearDown" finished-at="2021-10-27T23:22:03 IST" duration-ms="10944" status="PASS">
          <reporter-output>
          </reporter-output>
        </test-method> <!-- tearDown -->
        <test-method is-config="true" signature="setup()[pri:0, instance:com.fusion.block1.GetExcels@2f217633]" started-at="2021-10-27T23:22:03 IST" name="setup" finished-at="2021-10-27T23:22:10 IST" duration-ms="7377" status="PASS">
          <reporter-output>
          </reporter-output>
        </test-method> <!-- setup -->
        <test-method signature="loginApp(java.lang.String)[pri:0, instance:com.fusion.block1.GetExcels@2f217633]" started-at="2021-10-27T23:22:10 IST" name="loginApp" data-provider="getdata" finished-at="2021-10-27T23:22:37 IST" duration-ms="26862" status="PASS">
          <params>
            <param index="0">
              <value>
                <![CDATA[03-05-2021]]>
              </value>
            </param>
          </params>
          <reporter-output>
          </reporter-output>
        </test-method> <!-- loginApp -->
        <test-method is-config="true" signature="tearDown()[pri:0, instance:com.fusion.block1.GetExcels@2f217633]" started-at="2021-10-27T23:22:37 IST" name="tearDown" finished-at="2021-10-27T23:22:48 IST" duration-ms="10996" status="PASS">
          <reporter-output>
          </reporter-output>
        </test-method> <!-- tearDown -->
        <test-method is-config="true" signature="setup()[pri:0, instance:com.fusion.block1.GetExcels@2f217633]" started-at="2021-10-27T23:22:48 IST" name="setup" finished-at="2021-10-27T23:22:55 IST" duration-ms="6752" status="PASS">
          <reporter-output>
          </reporter-output>
        </test-method> <!-- setup -->
        <test-method signature="loginApp(java.lang.String)[pri:0, instance:com.fusion.block1.GetExcels@2f217633]" started-at="2021-10-27T23:22:55 IST" name="loginApp" data-provider="getdata" finished-at="2021-10-27T23:23:22 IST" duration-ms="27246" status="PASS">
          <params>
            <param index="0">
              <value>
                <![CDATA[03-06-2021]]>
              </value>
            </param>
          </params>
          <reporter-output>
          </reporter-output>
        </test-method> <!-- loginApp -->
        <test-method is-config="true" signature="tearDown()[pri:0, instance:com.fusion.block1.GetExcels@2f217633]" started-at="2021-10-27T23:23:22 IST" name="tearDown" finished-at="2021-10-27T23:23:33 IST" duration-ms="10965" status="PASS">
          <reporter-output>
          </reporter-output>
        </test-method> <!-- tearDown -->
        <test-method is-config="true" signature="setup()[pri:0, instance:com.fusion.block1.GetExcels@2f217633]" started-at="2021-10-27T23:23:33 IST" name="setup" finished-at="2021-10-27T23:23:39 IST" duration-ms="6610" status="PASS">
          <reporter-output>
          </reporter-output>
        </test-method> <!-- setup -->
        <test-method signature="loginApp(java.lang.String)[pri:0, instance:com.fusion.block1.GetExcels@2f217633]" started-at="2021-10-27T23:23:39 IST" name="loginApp" data-provider="getdata" finished-at="2021-10-27T23:24:07 IST" duration-ms="27242" status="PASS">
          <params>
            <param index="0">
              <value>
                <![CDATA[03-07-2021]]>
              </value>
            </param>
          </params>
          <reporter-output>
          </reporter-output>
        </test-method> <!-- loginApp -->
        <test-method is-config="true" signature="tearDown()[pri:0, instance:com.fusion.block1.GetExcels@2f217633]" started-at="2021-10-27T23:24:07 IST" name="tearDown" finished-at="2021-10-27T23:24:18 IST" duration-ms="10982" status="PASS">
          <reporter-output>
          </reporter-output>
        </test-method> <!-- tearDown -->
[...]
            <param index="0">
              <value>
                <![CDATA[10-15-2021]]>
              </value>
            </param>
          </params>
          <reporter-output>
          </reporter-output>
        </test-method> <!-- loginApp -->
        <test-method is-config="true" signature="tearDown()[pri:0, instance:com.fusion.block1.GetExcels@2f217633]" started-at="2021-10-28T02:11:13 IST" name="tearDown" finished-at="2021-10-28T02:11:25 IST" duration-ms="11077" status="PASS">
          <reporter-output>
          </reporter-output>
        </test-method> <!-- tearDown -->
        <test-method is-config="true" signature="setup()[pri:0, instance:com.fusion.block1.GetExcels@2f217633]" started-at="2021-10-28T02:11:25 IST" name="setup" finished-at="2021-10-28T02:11:32 IST" duration-ms="7292" status="PASS">
          <reporter-output>
          </reporter-output>
        </test-method> <!-- setup -->
        <test-method signature="loginApp(java.lang.String)[pri:0, instance:com.fusion.block1.GetExcels@2f217633]" started-at="2021-10-28T02:11:32 IST" name="loginApp" data-provider="getdata" finished-at="2021-10-28T02:11:58 IST" duration-ms="26131" status="PASS">
          <params>
            <param index="0">
              <value>
                <![CDATA[10-16-2021]]>
              </value>
            </param>
          </params>
          <reporter-output>
          </reporter-output>
        </test-method> <!-- loginApp -->
        <test-method is-config="true" signature="tearDown()[pri:0, instance:com.fusion.block1.GetExcels@2f217633]" started-at="2021-10-28T02:11:58 IST" name="tearDown" finished-at="2021-10-28T02:12:09 IST" duration-ms="11215" status="PASS">
          <reporter-output>
          </reporter-output>
        </test-method> <!-- tearDown -->
        <test-method is-config="true" signature="setup()[pri:0, instance:com.fusion.block1.GetExcels@2f217633]" started-at="2021-10-28T02:12:09 IST" name="setup" finished-at="2021-10-28T02:12:15 IST" duration-ms="6317" status="PASS">
          <reporter-output>
          </reporter-output>
        </test-method> <!-- setup -->
        <test-method signature="loginApp(java.lang.String)[pri:0, instance:com.fusion.block1.GetExcels@2f217633]" started-at="2021-10-28T02:12:15 IST" name="loginApp" data-provider="getdata" finished-at="2021-10-28T02:12:41 IST" duration-ms="25872" status="PASS">
          <params>
            <param index="0">
              <value>
                <![CDATA[10-17-2021]]>
              </value>
            </param>
          </params>
          <reporter-output>
          </reporter-output>
        </test-method> <!-- loginApp -->
        <test-method is-config="true" signature="tearDown()[pri:0, instance:com.fusion.block1.GetExcels@2f217633]" started-at="2021-10-28T02:12:41 IST" name="tearDown" finished-at="2021-10-28T02:12:52 IST" duration-ms="11008" status="PASS">
          <reporter-output>
          </reporter-output>
        </test-method> <!-- tearDown -->
        <test-method is-config="true" signature="setup()[pri:0, instance:com.fusion.block1.GetExcels@2f217633]" started-at="2021-10-28T02:12:52 IST" name="setup" finished-at="2021-10-28T02:12:59 IST" duration-ms="6988" status="PASS">
          <reporter-output>
          </reporter-output>
        </test-method> <!-- setup -->
        <test-method signature="loginApp(java.lang.String)[pri:0, instance:com.fusion.block1.GetExcels@2f217633]" started-at="2021-10-28T02:12:59 IST" name="loginApp" data-provider="getdata" finished-at="2021-10-28T02:13:26 IST" duration-ms="26584" status="PASS">
          <params>
            <param index="0">
              <value>
                <![CDATA[10-18-2021]]>
              </value>
            </param>
          </params>
          <reporter-output>
          </reporter-output>
        </test-method> <!-- loginApp -->
        <test-method is-config="true" signature="tearDown()[pri:0, instance:com.fusion.block1.GetExcels@2f217633]" started-at="2021-10-28T02:13:26 IST" name="tearDown" finished-at="2021-10-28T02:13:37 IST" duration-ms="11169" status="PASS">
          <reporter-output>
          </reporter-output>
        </test-method> <!-- tearDown -->
        <test-method is-config="true" signature="setup()[pri:0, instance:com.fusion.block1.GetExcels@2f217633]" started-at="2021-10-28T02:13:37 IST" name="setup" finished-at="2021-10-28T02:13:44 IST" duration-ms="6675" status="PASS">
          <reporter-output>
          </reporter-output>
        </test-method> <!-- setup -->
        <test-method signature="loginApp(java.lang.String)[pri:0, instance:com.fusion.block1.GetExcels@2f217633]" started-at="2021-10-28T02:13:44 IST" name="loginApp" data-provider="getdata" finished-at="2021-10-28T02:14:10 IST" duration-ms="26082" status="PASS">
          <params>
            <param index="0">
              <value>
                <![CDATA[10-19-2021]]>
              </value>
            </param>
          </params>
          <reporter-output>
          </reporter-output>
        </test-method> <!-- loginApp -->
        <test-method is-config="true" signature="tearDown()[pri:0, instance:com.fusion.block1.GetExcels@2f217633]" started-at="2021-10-28T02:14:10 IST" name="tearDown" finished-at="2021-10-28T02:14:21 IST" duration-ms="11199" status="PASS">
          <reporter-output>
          </reporter-output>
        </test-method> <!-- tearDown -->
        <test-method is-config="true" signature="setup()[pri:0, instance:com.fusion.block1.GetExcels@2f217633]" started-at="2021-10-28T02:14:21 IST" name="setup" finished-at="2021-10-28T02:14:30 IST" duration-ms="9211" status="PASS">
          <reporter-output>
          </reporter-output>
        </test-method> <!-- setup -->
        <test-method signature="loginApp(java.lang.String)[pri:0, instance:com.fusion.block1.GetExcels@2f217633]" started-at="2021-10-28T02:14:30 IST" name="loginApp" data-provider="getdata" finished-at="2021-10-28T02:14:56 IST" duration-ms="26199" status="PASS">
          <params>
            <param index="0">
              <value>
                <![CDATA[10-20-2021]]>
              </value>
            </param>
          </params>
          <reporter-output>
          </reporter-output>
        </test-method> <!-- loginApp -->
        <test-method is-config="true" signature="tearDown()[pri:0, instance:com.fusion.block1.GetExcels@2f217633]" started-at="2021-10-28T02:14:56 IST" name="tearDown" finished-at="2021-10-28T02:15:08 IST" duration-ms="11040" status="PASS">
          <reporter-output>
          </reporter-output>
        </test-method> <!-- tearDown -->
        <test-method is-config="true" signature="setup()[pri:0, instance:com.fusion.block1.GetExcels@2f217633]" started-at="2021-10-28T02:15:08 IST" name="setup" finished-at="2021-10-28T02:15:14 IST" duration-ms="6627" status="PASS">
          <reporter-output>
          </reporter-output>
        </test-method> <!-- setup -->
        <test-method signature="loginApp(java.lang.String)[pri:0, instance:com.fusion.block1.GetExcels@2f217633]" started-at="2021-10-28T02:15:14 IST" name="loginApp" data-provider="getdata" finished-at="2021-10-28T02:15:41 IST" duration-ms="27179" status="PASS">
          <params>
            <param index="0">
              <value>
                <![CDATA[10-21-2021]]>
              </value>
            </param>
          </params>
          <reporter-output>
          </reporter-output>
        </test-method> <!-- loginApp -->
        <test-method is-config="true" signature="tearDown()[pri:0, instance:com.fusion.block1.GetExcels@2f217633]" started-at="2021-10-28T02:15:41 IST" name="tearDown" finished-at="2021-10-28T02:15:52 IST" duration-ms="11060" status="PASS">
          <reporter-output>
          </reporter-output>
        </test-method> <!-- tearDown -->
        <test-method is-config="true" signature="setup()[pri:0, instance:com.fusion.block1.GetExcels@2f217633]" started-at="2021-10-28T02:15:52 IST" name="setup" finished-at="2021-10-28T02:15:59 IST" duration-ms="7006" status="PASS">
          <reporter-output>
          </reporter-output>
        </test-method> <!-- setup -->
        <test-method signature="loginApp(java.lang.String)[pri:0, instance:com.fusion.block1.GetExcels@2f217633]" started-at="2021-10-28T02:15:59 IST" name="loginApp" data-provider="getdata" finished-at="2021-10-28T02:16:26 IST" duration-ms="26385" status="PASS">
          <params>
            <param index="0">
              <value>
                <![CDATA[10-22-2021]]>
              </value>
            </param>
          </params>
          <reporter-output>
          </reporter-output>
        </test-method> <!-- loginApp -->
        <test-method is-config="true" signature="tearDown()[pri:0, instance:com.fusion.block1.GetExcels@2f217633]" started-at="2021-10-28T02:16:26 IST" name="tearDown" finished-at="2021-10-28T02:16:37 IST" duration-ms="11077" status="PASS">
          <reporter-output>
          </reporter-output>
        </test-method> <!-- tearDown -->
        <test-method is-config="true" signature="setup()[pri:0, instance:com.fusion.block1.GetExcels@2f217633]" started-at="2021-10-28T02:16:37 IST" name="setup" finished-at="2021-10-28T02:16:44 IST" duration-ms="7006" status="PASS">
          <reporter-output>
          </reporter-output>
        </test-method> <!-- setup -->
        <test-method signature="loginApp(java.lang.String)[pri:0, instance:com.fusion.block1.GetExcels@2f217633]" started-at="2021-10-28T02:16:44 IST" name="loginApp" data-provider="getdata" finished-at="2021-10-28T02:17:10 IST" duration-ms="26417" status="PASS">
          <params>
            <param index="0">
              <value>
                <![CDATA[10-23-2021]]>
              </value>
            </param>
          </params>
          <reporter-output>
          </reporter-output>
        </test-method> <!-- loginApp -->
        <test-method is-config="true" signature="tearDown()[pri:0, instance:com.fusion.block1.GetExcels@2f217633]" started-at="2021-10-28T02:17:10 IST" name="tearDown" finished-at="2021-10-28T02:17:21 IST" duration-ms="11068" status="PASS">
          <reporter-output>
          </reporter-output>
        </test-method> <!-- tearDown -->
        <test-method is-config="true" signature="setup()[pri:0, instance:com.fusion.block1.GetExcels@2f217633]" started-at="2021-10-28T02:17:21 IST" name="setup" finished-at="2021-10-28T02:17:28 IST" duration-ms="6992" status="PASS">
          <reporter-output>
          </reporter-output>
        </test-method> <!-- setup -->
        <test-method signature="loginApp(java.lang.String)[pri:0, instance:com.fusion.block1.GetExcels@2f217633]" started-at="2021-10-28T02:17:28 IST" name="loginApp" data-provider="getdata" finished-at="2021-10-28T02:17:56 IST" duration-ms="27371" status="PASS">
          <params>
            <param index="0">
              <value>
                <![CDATA[10-24-2021]]>
              </value>
            </param>
          </params>
          <reporter-output>
          </reporter-output>
        </test-method> <!-- loginApp -->
        <test-method is-config="true" signature="tearDown()[pri:0, instance:com.fusion.block1.GetExcels@2f217633]" started-at="2021-10-28T02:17:56 IST" name="tearDown" finished-at="2021-10-28T02:18:07 IST" duration-ms="10944" status="PASS">
          <reporter-output>
          </reporter-output>
        </test-method> <!-- tearDown -->
        <test-method is-config="true" signature="setup()[pri:0, instance:com.fusion.block1.GetExcels@2f217633]" started-at="2021-10-28T02:18:07 IST" name="setup" finished-at="2021-10-28T02:18:14 IST" duration-ms="7147" status="PASS">
          <reporter-output>
          </reporter-output>
        </test-method> <!-- setup -->
        <test-method signature="loginApp(java.lang.String)[pri:0, instance:com.fusion.block1.GetExcels@2f217633]" started-at="2021-10-28T02:18:14 IST" name="loginApp" data-provider="getdata" finished-at="2021-10-28T02:18:40 IST" duration-ms="26418" status="PASS">
          <params>
            <param index="0">
              <value>
                <![CDATA[10-25-2021]]>
              </value>
            </param>
          </params>
          <reporter-output>
          </reporter-output>
        </test-method> <!-- loginApp -->
        <test-method is-config="true" signature="tearDown()[pri:0, instance:com.fusion.block1.GetExcels@2f217633]" started-at="2021-10-28T02:18:40 IST" name="tearDown" finished-at="2021-10-28T02:18:51 IST" duration-ms="11091" status="PASS">
          <reporter-output>
          </reporter-output>
        </test-method> <!-- tearDown -->
        <test-method is-config="true" signature="setup()[pri:0, instance:com.fusion.block1.GetExcels@2f217633]" started-at="2021-10-28T02:18:51 IST" name="setup" finished-at="2021-10-28T02:18:58 IST" duration-ms="6779" status="PASS">
          <reporter-output>
          </reporter-output>
        </test-method> <!-- setup -->
        <test-method signature="loginApp(java.lang.String)[pri:0, instance:com.fusion.block1.GetExcels@2f217633]" started-at="2021-10-28T02:18:58 IST" name="loginApp" data-provider="getdata" finished-at="2021-10-28T02:19:25 IST" duration-ms="26629" status="PASS">
          <params>
            <param index="0">
              <value>
                <![CDATA[10-26-2021]]>
              </value>
            </param>
          </params>
          <reporter-output>
          </reporter-output>
        </test-method> <!-- loginApp -->
        <test-method is-config="true" signature="tearDown()[pri:0, instance:com.fusion.block1.GetExcels@2f217633]" started-at="2021-10-28T02:19:25 IST" name="tearDown" finished-at="2021-10-28T02:19:36 IST" duration-ms="11055" status="PASS">
          <reporter-output>
          </reporter-output>
        </test-method> <!-- tearDown -->
        <test-method is-config="true" signature="setup()[pri:0, instance:com.fusion.block1.GetExcels@2f217633]" started-at="2021-10-28T02:19:36 IST" name="setup" finished-at="2021-10-28T02:19:43 IST" duration-ms="7593" status="PASS">
          <reporter-output>
          </reporter-output>
        </test-method> <!-- setup -->
        <test-method signature="loginApp(java.lang.String)[pri:0, instance:com.fusion.block1.GetExcels@2f217633]" started-at="2021-10-28T02:19:43 IST" name="loginApp" data-provider="getdata" finished-at="2021-10-28T02:20:10 IST" duration-ms="26762" status="PASS">
          <params>
            <param index="0">
              <value>
                <![CDATA[10-27-2021]]>
              </value>
            </param>
          </params>
          <reporter-output>
          </reporter-output>
        </test-method> <!-- loginApp -->
        <test-method is-config="true" signature="tearDown()[pri:0, instance:com.fusion.block1.GetExcels@2f217633]" started-at="2021-10-28T02:20:10 IST" name="tearDown" finished-at="2021-10-28T02:20:21 IST" duration-ms="10940" status="PASS">
          <reporter-output>
          </reporter-output>
        </test-method> <!-- tearDown -->
        <test-method is-config="true" signature="setup()[pri:0, instance:com.fusion.block1.GetExcels@2f217633]" started-at="2021-10-28T02:20:21 IST" name="setup" finished-at="2021-10-28T02:20:28 IST" duration-ms="7087" status="PASS">
          <reporter-output>
          </reporter-output>
        </test-method> <!-- setup -->
        <test-method signature="loginApp(java.lang.String)[pri:0, instance:com.fusion.block1.GetExcels@2f217633]" started-at="2021-10-28T02:20:28 IST" name="loginApp" data-provider="getdata" finished-at="2021-10-28T02:20:55 IST" duration-ms="26483" status="PASS">
          <params>
            <param index="0">
              <value>
                <![CDATA[10-28-2021]]>
              </value>
            </param>
          </params>
          <reporter-output>
          </reporter-output>
        </test-method> <!-- loginApp -->
        <test-method is-config="true" signature="tearDown()[pri:0, instance:com.fusion.block1.GetExcels@2f217633]" started-at="2021-10-28T02:20:55 IST" name="tearDown" finished-at="2021-10-28T02:21:06 IST" duration-ms="11039" status="PASS">
          <reporter-output>
          </reporter-output>
        </test-method> <!-- tearDown -->
        <test-method is-config="true" signature="setup()[pri:0, instance:com.fusion.block1.GetExcels@2f217633]" started-at="2021-10-28T02:21:06 IST" name="setup" finished-at="2021-10-28T02:21:13 IST" duration-ms="7624" status="PASS">
          <reporter-output>
          </reporter-output>
        </test-method> <!-- setup -->
        <test-method signature="loginApp(java.lang.String)[pri:0, instance:com.fusion.block1.GetExcels@2f217633]" started-at="2021-10-28T02:21:13 IST" name="loginApp" data-provider="getdata" finished-at="2021-10-28T02:21:40 IST" duration-ms="27084" status="PASS">
          <params>
            <param index="0">
              <value>
                <![CDATA[10-29-2021]]>
              </value>
            </param>
          </params>
          <reporter-output>
          </reporter-output>
        </test-method> <!-- loginApp -->
        <test-method is-config="true" signature="tearDown()[pri:0, instance:com.fusion.block1.GetExcels@2f217633]" started-at="2021-10-28T02:21:40 IST" name="tearDown" finished-at="2021-10-28T02:21:51 IST" duration-ms="11082" status="PASS">
          <reporter-output>
          </reporter-output>
        </test-method> <!-- tearDown -->
        <test-method is-config="true" signature="setup()[pri:0, instance:com.fusion.block1.GetExcels@2f217633]" started-at="2021-10-28T02:21:51 IST" name="setup" finished-at="2021-10-28T02:21:58 IST" duration-ms="6333" status="PASS">
          <reporter-output>
          </reporter-output>
        </test-method> <!-- setup -->
        <test-method signature="loginApp(java.lang.String)[pri:0, instance:com.fusion.block1.GetExcels@2f217633]" started-at="2021-10-28T02:21:58 IST" name="loginApp" data-provider="getdata" finished-at="2021-10-28T02:22:24 IST" duration-ms="25789" status="PASS">
          <params>
            <param index="0">
              <value>
                <![CDATA[10-30-2021]]>
              </value>
            </param>
          </params>
          <reporter-output>
          </reporter-output>
        </test-method> <!-- loginApp -->
        <test-method is-config="true" signature="tearDown()[pri:0, instance:com.fusion.block1.GetExcels@2f217633]" started-at="2021-10-28T02:22:24 IST" name="tearDown" finished-at="2021-10-28T02:22:35 IST" duration-ms="11058" status="PASS">
          <reporter-output>
          </reporter-output>
        </test-method> <!-- tearDown -->
        <test-method is-config="true" signature="setup()[pri:0, instance:com.fusion.block1.GetExcels@2f217633]" started-at="2021-10-28T02:22:35 IST" name="setup" finished-at="2021-10-28T02:22:42 IST" duration-ms="6987" status="PASS">
          <reporter-output>
          </reporter-output>
        </test-method> <!-- setup -->
        <test-method signature="loginApp(java.lang.String)[pri:0, instance:com.fusion.block1.GetExcels@2f217633]" started-at="2021-10-28T02:22:42 IST" name="loginApp" data-provider="getdata" finished-at="2021-10-28T02:23:08 IST" duration-ms="26132" status="PASS">
          <params>
            <param index="0">
              <value>
                <![CDATA[10-31-2021]]>
              </value>
            </param>
          </params>
          <reporter-output>
          </reporter-output>
        </test-method> <!-- loginApp -->
        <test-method is-config="true" signature="tearDown()[pri:0, instance:com.fusion.block1.GetExcels@2f217633]" started-at="2021-10-28T02:23:08 IST" name="tearDown" finished-at="2021-10-28T02:23:19 IST" duration-ms="11050" status="PASS">
          <reporter-output>
          </reporter-output>
        </test-method> <!-- tearDown -->
      </class> <!-- com.fusion.block1.GetExcels -->
    </test> <!-- Default test -->
  </suite> <!-- Default suite -->
</testng-results>
