<?xml version="1.0" encoding="UTF-8"?>
<testng-results ignored="0" total="1" passed="1" failed="0" skipped="0">
  <reporter-output>
  </reporter-output>
  <suite started-at="2021-10-28T12:18:15 IST" name="Default suite" finished-at="2021-10-28T12:19:13 IST" duration-ms="57829">
    <groups>
    </groups>
    <test started-at="2021-10-28T12:18:15 IST" name="Default test" finished-at="2021-10-28T12:19:13 IST" duration-ms="57829">
      <class name="com.fusion.block1.GetExcels">
        <test-method is-config="true" signature="setup()[pri:0, instance:com.fusion.block1.GetExcels@a530d0a]" started-at="2021-10-28T12:18:16 IST" name="setup" finished-at="2021-10-28T12:18:32 IST" duration-ms="15166" status="PASS">
          <reporter-output>
          </reporter-output>
        </test-method> <!-- setup -->
        <test-method signature="loginApp(java.lang.String)[pri:0, instance:com.fusion.block1.GetExcels@a530d0a]" started-at="2021-10-28T12:18:32 IST" name="loginApp" data-provider="getdata" finished-at="2021-10-28T12:19:02 IST" duration-ms="30392" status="PASS">
          <params>
            <param index="0">
              <value>
                <![CDATA[01-01-2021]]>
              </value>
            </param>
          </params>
          <reporter-output>
          </reporter-output>
        </test-method> <!-- loginApp -->
        <test-method is-config="true" signature="tearDown()[pri:0, instance:com.fusion.block1.GetExcels@a530d0a]" started-at="2021-10-28T12:19:02 IST" name="tearDown" finished-at="2021-10-28T12:19:13 IST" duration-ms="11277" status="PASS">
          <reporter-output>
          </reporter-output>
        </test-method> <!-- tearDown -->
      </class> <!-- com.fusion.block1.GetExcels -->
    </test> <!-- Default test -->
  </suite> <!-- Default suite -->
</testng-results>
